[     254ms] [VERBOSE] [DOM] Input elements should have autocomplete attributes (suggested: "current-password"): (More info: https://goo.gl/9p2vKq) %o @ https://running-in-war.vercel.app/auth:0
[     279ms] [ERROR] Failed to load resource: the server responded with a status of 404 () @ https://running-in-war.vercel.app/icons/icon-192.png:0
[     279ms] [WARNING] Error while trying to use the following icon from the Manifest: https://running-in-war.vercel.app/icons/icon-192.png (Download error or resource isn't a valid image) @ https://running-in-war.vercel.app/auth:0
[   25375ms] [ERROR] Failed to load resource: the server responded with a status of 404 () @ https://running-in-war.vercel.app/assets/SOSOverlay-5LGfcT0d.js:0
[   25378ms] [ERROR] Failed to load resource: the server responded with a status of 404 () @ https://running-in-war.vercel.app/assets/chevron-left-C8wxAnfj.js:0
[   25378ms] [ERROR] Failed to load resource: the server responded with a status of 404 () @ https://running-in-war.vercel.app/assets/geo-BFi82WzS.js:0
[   25379ms] [ERROR] Failed to load resource: the server responded with a status of 404 () @ https://running-in-war.vercel.app/assets/map-pin-BZrIjl84.js:0
[   25379ms] [ERROR] Failed to load resource: the server responded with a status of 404 () @ https://running-in-war.vercel.app/assets/triangle-alert-CaVaxJMT.js:0
[   25381ms] [ERROR] Failed to load resource: the server responded with a status of 404 () @ https://running-in-war.vercel.app/assets/HomePage-Df89r6fE.js:0
[   25382ms] [ERROR] Failed to load resource: the server responded with a status of 404 () @ https://running-in-war.vercel.app/assets/firestore-CJuzlkVW.js:0
[   25386ms] [ERROR] TypeError: Failed to fetch dynamically imported module: https://running-in-war.vercel.app/assets/HomePage-Df89r6fE.js @ https://running-in-war.vercel.app/assets/index-BIg855mm.js:40
[   25387ms] [ERROR] Failed to load resource: the server responded with a status of 404 () @ https://running-in-war.vercel.app/assets/useLocation-C0vsZqix.js:0
[   25387ms] [ERROR] Failed to load resource: the server responded with a status of 404 () @ https://running-in-war.vercel.app/assets/circle-check-B1OUGNqe.js:0
[   25555ms] [ERROR] Failed to load resource: the server responded with a status of 404 () @ https://running-in-war.vercel.app/icons/icon-192.png:0
[   25556ms] [WARNING] Error while trying to use the following icon from the Manifest: https://running-in-war.vercel.app/icons/icon-192.png (Download error or resource isn't a valid image) @ https://running-in-war.vercel.app/:0
[   26248ms] [ERROR] Failed to load resource: the server responded with a status of 403 () @ https://running-in-war.vercel.app/api/alerts:0
[   30891ms] [ERROR] Failed to load resource: the server responded with a status of 403 () @ https://running-in-war.vercel.app/api/alerts:0
[   35907ms] [ERROR] Failed to load resource: the server responded with a status of 403 () @ https://running-in-war.vercel.app/api/alerts:0
[   40878ms] [ERROR] Failed to load resource: the server responded with a status of 403 () @ https://running-in-war.vercel.app/api/alerts:0
[   45900ms] [ERROR] Failed to load resource: the server responded with a status of 403 () @ https://running-in-war.vercel.app/api/alerts:0
[   50876ms] [ERROR] Failed to load resource: the server responded with a status of 403 () @ https://running-in-war.vercel.app/api/alerts:0
[   55882ms] [ERROR] Failed to load resource: the server responded with a status of 403 () @ https://running-in-war.vercel.app/api/alerts:0
[   60883ms] [ERROR] Failed to load resource: the server responded with a status of 403 () @ https://running-in-war.vercel.app/api/alerts:0
[   66061ms] [ERROR] Failed to load resource: the server responded with a status of 403 () @ https://running-in-war.vercel.app/api/alerts:0
[   70916ms] [ERROR] Failed to load resource: the server responded with a status of 403 () @ https://running-in-war.vercel.app/api/alerts:0
[   75883ms] [ERROR] Failed to load resource: the server responded with a status of 403 () @ https://running-in-war.vercel.app/api/alerts:0
[   80902ms] [ERROR] Failed to load resource: the server responded with a status of 403 () @ https://running-in-war.vercel.app/api/alerts:0
[   85881ms] [ERROR] Failed to load resource: the server responded with a status of 403 () @ https://running-in-war.vercel.app/api/alerts:0
