[     135ms] [ERROR] Failed to load resource: the server responded with a status of 404 () @ https://running-in-war.vercel.app/icons/icon-192.png:0
[     135ms] [WARNING] Error while trying to use the following icon from the Manifest: https://running-in-war.vercel.app/icons/icon-192.png (Download error or resource isn't a valid image) @ https://running-in-war.vercel.app/:0
[     471ms] [WARNING] Geolocation permission has been blocked as the user has ignored the permission prompt several times. This can be reset in Page Info which can be accessed by clicking the tune icon next to the URL. See https://www.chromestatus.com/feature/6443143280984064 for more information. @ https://running-in-war.vercel.app/:0
[     660ms] [ERROR] Failed to load resource: the server responded with a status of 403 () @ https://running-in-war.vercel.app/api/alerts:0
[    5687ms] [ERROR] Failed to load resource: the server responded with a status of 403 () @ https://running-in-war.vercel.app/api/alerts:0
[   10684ms] [ERROR] Failed to load resource: the server responded with a status of 403 () @ https://running-in-war.vercel.app/api/alerts:0
[   15662ms] [ERROR] Failed to load resource: the server responded with a status of 403 () @ https://running-in-war.vercel.app/api/alerts:0
[   20679ms] [ERROR] Failed to load resource: the server responded with a status of 403 () @ https://running-in-war.vercel.app/api/alerts:0
[   23944ms] [ERROR] Failed to load resource: the server responded with a status of 404 () @ https://running-in-war.vercel.app/assets/ProfilePage-resq5kaz.js:0
[   23945ms] [ERROR] Failed to load resource: the server responded with a status of 404 () @ https://running-in-war.vercel.app/assets/auth-w_q1aXSW.js:0
[   23950ms] [ERROR] TypeError: Failed to fetch dynamically imported module: https://running-in-war.vercel.app/assets/ProfilePage-resq5kaz.js @ https://running-in-war.vercel.app/assets/index-BHVtNSD2.js:40
[   23951ms] [ERROR] Failed to load resource: the server responded with a status of 404 () @ https://running-in-war.vercel.app/assets/useAddressAutocomplete-G0ZPVaAx.js:0
[   23951ms] [ERROR] Failed to load resource: the server responded with a status of 404 () @ https://running-in-war.vercel.app/assets/locate-fixed-DIhtFzY6.js:0
[   24080ms] [ERROR] Failed to load resource: the server responded with a status of 404 () @ https://running-in-war.vercel.app/icons/icon-192.png:0
[   24081ms] [WARNING] Error while trying to use the following icon from the Manifest: https://running-in-war.vercel.app/icons/icon-192.png (Download error or resource isn't a valid image) @ https://running-in-war.vercel.app/profile:0
[   31175ms] [WARNING] Geolocation permission has been blocked as the user has ignored the permission prompt several times. This can be reset in Page Info which can be accessed by clicking the tune icon next to the URL. See https://www.chromestatus.com/feature/6443143280984064 for more information. @ https://running-in-war.vercel.app/map:0
[   31386ms] [ERROR] Failed to load resource: the server responded with a status of 403 () @ https://running-in-war.vercel.app/api/alerts:0
[   36376ms] [ERROR] Failed to load resource: the server responded with a status of 403 () @ https://running-in-war.vercel.app/api/alerts:0
[   41375ms] [ERROR] Failed to load resource: the server responded with a status of 403 () @ https://running-in-war.vercel.app/api/alerts:0
[   46367ms] [ERROR] Failed to load resource: the server responded with a status of 403 () @ https://running-in-war.vercel.app/api/alerts:0
[   51540ms] [ERROR] Failed to load resource: the server responded with a status of 403 () @ https://running-in-war.vercel.app/api/alerts:0
[   56418ms] [ERROR] Failed to load resource: the server responded with a status of 403 () @ https://running-in-war.vercel.app/api/alerts:0
[   61368ms] [ERROR] Failed to load resource: the server responded with a status of 403 () @ https://running-in-war.vercel.app/api/alerts:0
[   66377ms] [ERROR] Failed to load resource: the server responded with a status of 403 () @ https://running-in-war.vercel.app/api/alerts:0
[   71393ms] [ERROR] Failed to load resource: the server responded with a status of 403 () @ https://running-in-war.vercel.app/api/alerts:0
[   76369ms] [ERROR] Failed to load resource: the server responded with a status of 403 () @ https://running-in-war.vercel.app/api/alerts:0
[   81357ms] [ERROR] Failed to load resource: the server responded with a status of 403 () @ https://running-in-war.vercel.app/api/alerts:0
[   86348ms] [ERROR] Failed to load resource: the server responded with a status of 403 () @ https://running-in-war.vercel.app/api/alerts:0
[   91358ms] [ERROR] Failed to load resource: the server responded with a status of 403 () @ https://running-in-war.vercel.app/api/alerts:0
[   96358ms] [ERROR] Failed to load resource: the server responded with a status of 403 () @ https://running-in-war.vercel.app/api/alerts:0
[  101382ms] [ERROR] Failed to load resource: the server responded with a status of 403 () @ https://running-in-war.vercel.app/api/alerts:0
[  106370ms] [ERROR] Failed to load resource: the server responded with a status of 403 () @ https://running-in-war.vercel.app/api/alerts:0
[  111361ms] [ERROR] Failed to load resource: the server responded with a status of 403 () @ https://running-in-war.vercel.app/api/alerts:0
[  116350ms] [ERROR] Failed to load resource: the server responded with a status of 403 () @ https://running-in-war.vercel.app/api/alerts:0
[  121364ms] [ERROR] Failed to load resource: the server responded with a status of 403 () @ https://running-in-war.vercel.app/api/alerts:0
[  126368ms] [ERROR] Failed to load resource: the server responded with a status of 403 () @ https://running-in-war.vercel.app/api/alerts:0
[  131365ms] [ERROR] Failed to load resource: the server responded with a status of 403 () @ https://running-in-war.vercel.app/api/alerts:0
[  136361ms] [ERROR] Failed to load resource: the server responded with a status of 403 () @ https://running-in-war.vercel.app/api/alerts:0
[  141362ms] [ERROR] Failed to load resource: the server responded with a status of 403 () @ https://running-in-war.vercel.app/api/alerts:0
[  146355ms] [ERROR] Failed to load resource: the server responded with a status of 403 () @ https://running-in-war.vercel.app/api/alerts:0
[  151394ms] [ERROR] Failed to load resource: the server responded with a status of 403 () @ https://running-in-war.vercel.app/api/alerts:0
[  156361ms] [ERROR] Failed to load resource: the server responded with a status of 403 () @ https://running-in-war.vercel.app/api/alerts:0
[  161404ms] [ERROR] Failed to load resource: the server responded with a status of 403 () @ https://running-in-war.vercel.app/api/alerts:0
[  166379ms] [ERROR] Failed to load resource: the server responded with a status of 403 () @ https://running-in-war.vercel.app/api/alerts:0
[  171356ms] [ERROR] Failed to load resource: the server responded with a status of 403 () @ https://running-in-war.vercel.app/api/alerts:0
[  176376ms] [ERROR] Failed to load resource: the server responded with a status of 403 () @ https://running-in-war.vercel.app/api/alerts:0
[  181388ms] [ERROR] Failed to load resource: the server responded with a status of 403 () @ https://running-in-war.vercel.app/api/alerts:0
[  186362ms] [ERROR] Failed to load resource: the server responded with a status of 403 () @ https://running-in-war.vercel.app/api/alerts:0
[  191363ms] [ERROR] Failed to load resource: the server responded with a status of 403 () @ https://running-in-war.vercel.app/api/alerts:0
[  196369ms] [ERROR] Failed to load resource: the server responded with a status of 403 () @ https://running-in-war.vercel.app/api/alerts:0
[  201364ms] [ERROR] Failed to load resource: the server responded with a status of 403 () @ https://running-in-war.vercel.app/api/alerts:0
[  206366ms] [ERROR] Failed to load resource: the server responded with a status of 403 () @ https://running-in-war.vercel.app/api/alerts:0
[  211370ms] [ERROR] Failed to load resource: the server responded with a status of 403 () @ https://running-in-war.vercel.app/api/alerts:0
[  216359ms] [ERROR] Failed to load resource: the server responded with a status of 403 () @ https://running-in-war.vercel.app/api/alerts:0
[  221357ms] [ERROR] Failed to load resource: the server responded with a status of 403 () @ https://running-in-war.vercel.app/api/alerts:0
[  226369ms] [ERROR] Failed to load resource: the server responded with a status of 403 () @ https://running-in-war.vercel.app/api/alerts:0
[  231368ms] [ERROR] Failed to load resource: the server responded with a status of 403 () @ https://running-in-war.vercel.app/api/alerts:0
[  236361ms] [ERROR] Failed to load resource: the server responded with a status of 403 () @ https://running-in-war.vercel.app/api/alerts:0
[  241366ms] [ERROR] Failed to load resource: the server responded with a status of 403 () @ https://running-in-war.vercel.app/api/alerts:0
[  246366ms] [ERROR] Failed to load resource: the server responded with a status of 403 () @ https://running-in-war.vercel.app/api/alerts:0
[  251364ms] [ERROR] Failed to load resource: the server responded with a status of 403 () @ https://running-in-war.vercel.app/api/alerts:0
[  256368ms] [ERROR] Failed to load resource: the server responded with a status of 403 () @ https://running-in-war.vercel.app/api/alerts:0
[  261389ms] [ERROR] Failed to load resource: the server responded with a status of 403 () @ https://running-in-war.vercel.app/api/alerts:0
[  266374ms] [ERROR] Failed to load resource: the server responded with a status of 403 () @ https://running-in-war.vercel.app/api/alerts:0
[  271353ms] [ERROR] Failed to load resource: the server responded with a status of 403 () @ https://running-in-war.vercel.app/api/alerts:0
[  276357ms] [ERROR] Failed to load resource: the server responded with a status of 403 () @ https://running-in-war.vercel.app/api/alerts:0
[  281361ms] [ERROR] Failed to load resource: the server responded with a status of 403 () @ https://running-in-war.vercel.app/api/alerts:0
[  286366ms] [ERROR] Failed to load resource: the server responded with a status of 403 () @ https://running-in-war.vercel.app/api/alerts:0
[  292169ms] [ERROR] Failed to load resource: the server responded with a status of 403 () @ https://running-in-war.vercel.app/api/alerts:0
[  296354ms] [ERROR] Failed to load resource: the server responded with a status of 403 () @ https://running-in-war.vercel.app/api/alerts:0
[  301353ms] [ERROR] Failed to load resource: the server responded with a status of 403 () @ https://running-in-war.vercel.app/api/alerts:0
[  306475ms] [ERROR] Failed to load resource: the server responded with a status of 403 () @ https://running-in-war.vercel.app/api/alerts:0
[  311386ms] [ERROR] Failed to load resource: the server responded with a status of 403 () @ https://running-in-war.vercel.app/api/alerts:0
[  316383ms] [ERROR] Failed to load resource: the server responded with a status of 403 () @ https://running-in-war.vercel.app/api/alerts:0
[  321353ms] [ERROR] Failed to load resource: the server responded with a status of 403 () @ https://running-in-war.vercel.app/api/alerts:0
[  326363ms] [ERROR] Failed to load resource: the server responded with a status of 403 () @ https://running-in-war.vercel.app/api/alerts:0
[  331357ms] [ERROR] Failed to load resource: the server responded with a status of 403 () @ https://running-in-war.vercel.app/api/alerts:0
[  336374ms] [ERROR] Failed to load resource: the server responded with a status of 403 () @ https://running-in-war.vercel.app/api/alerts:0
[  341361ms] [ERROR] Failed to load resource: the server responded with a status of 403 () @ https://running-in-war.vercel.app/api/alerts:0
[  346357ms] [ERROR] Failed to load resource: the server responded with a status of 403 () @ https://running-in-war.vercel.app/api/alerts:0
[  351351ms] [ERROR] Failed to load resource: the server responded with a status of 403 () @ https://running-in-war.vercel.app/api/alerts:0
[  356355ms] [ERROR] Failed to load resource: the server responded with a status of 403 () @ https://running-in-war.vercel.app/api/alerts:0
[  361360ms] [ERROR] Failed to load resource: the server responded with a status of 403 () @ https://running-in-war.vercel.app/api/alerts:0
[  366360ms] [ERROR] Failed to load resource: the server responded with a status of 403 () @ https://running-in-war.vercel.app/api/alerts:0
[  371367ms] [ERROR] Failed to load resource: the server responded with a status of 403 () @ https://running-in-war.vercel.app/api/alerts:0
[  376383ms] [ERROR] Failed to load resource: the server responded with a status of 403 () @ https://running-in-war.vercel.app/api/alerts:0
[  381396ms] [ERROR] Failed to load resource: the server responded with a status of 403 () @ https://running-in-war.vercel.app/api/alerts:0
[  386436ms] [ERROR] Failed to load resource: the server responded with a status of 403 () @ https://running-in-war.vercel.app/api/alerts:0
[  391369ms] [ERROR] Failed to load resource: the server responded with a status of 403 () @ https://running-in-war.vercel.app/api/alerts:0
[  396354ms] [ERROR] Failed to load resource: the server responded with a status of 403 () @ https://running-in-war.vercel.app/api/alerts:0
[  401347ms] [ERROR] Failed to load resource: the server responded with a status of 403 () @ https://running-in-war.vercel.app/api/alerts:0
[  406360ms] [ERROR] Failed to load resource: the server responded with a status of 403 () @ https://running-in-war.vercel.app/api/alerts:0
[  411365ms] [ERROR] Failed to load resource: the server responded with a status of 403 () @ https://running-in-war.vercel.app/api/alerts:0
[  416369ms] [ERROR] Failed to load resource: the server responded with a status of 403 () @ https://running-in-war.vercel.app/api/alerts:0
[  421361ms] [ERROR] Failed to load resource: the server responded with a status of 403 () @ https://running-in-war.vercel.app/api/alerts:0
[  426360ms] [ERROR] Failed to load resource: the server responded with a status of 403 () @ https://running-in-war.vercel.app/api/alerts:0
[  431367ms] [ERROR] Failed to load resource: the server responded with a status of 403 () @ https://running-in-war.vercel.app/api/alerts:0
[  436391ms] [ERROR] Failed to load resource: the server responded with a status of 403 () @ https://running-in-war.vercel.app/api/alerts:0
[  441366ms] [ERROR] Failed to load resource: the server responded with a status of 403 () @ https://running-in-war.vercel.app/api/alerts:0
[  446381ms] [ERROR] Failed to load resource: the server responded with a status of 403 () @ https://running-in-war.vercel.app/api/alerts:0
[  451351ms] [ERROR] Failed to load resource: the server responded with a status of 403 () @ https://running-in-war.vercel.app/api/alerts:0
[  456363ms] [ERROR] Failed to load resource: the server responded with a status of 403 () @ https://running-in-war.vercel.app/api/alerts:0
[  461370ms] [ERROR] Failed to load resource: the server responded with a status of 403 () @ https://running-in-war.vercel.app/api/alerts:0
[  466378ms] [ERROR] Failed to load resource: the server responded with a status of 403 () @ https://running-in-war.vercel.app/api/alerts:0
[  471363ms] [ERROR] Failed to load resource: the server responded with a status of 403 () @ https://running-in-war.vercel.app/api/alerts:0
[  476371ms] [ERROR] Failed to load resource: the server responded with a status of 403 () @ https://running-in-war.vercel.app/api/alerts:0
[  481373ms] [ERROR] Failed to load resource: the server responded with a status of 403 () @ https://running-in-war.vercel.app/api/alerts:0
[  486348ms] [ERROR] Failed to load resource: the server responded with a status of 403 () @ https://running-in-war.vercel.app/api/alerts:0
[  491370ms] [ERROR] Failed to load resource: the server responded with a status of 403 () @ https://running-in-war.vercel.app/api/alerts:0
[  496360ms] [ERROR] Failed to load resource: the server responded with a status of 403 () @ https://running-in-war.vercel.app/api/alerts:0
[  501358ms] [ERROR] Failed to load resource: the server responded with a status of 403 () @ https://running-in-war.vercel.app/api/alerts:0
[  506384ms] [ERROR] Failed to load resource: the server responded with a status of 403 () @ https://running-in-war.vercel.app/api/alerts:0
[  511354ms] [ERROR] Failed to load resource: the server responded with a status of 403 () @ https://running-in-war.vercel.app/api/alerts:0
[  516368ms] [ERROR] Failed to load resource: the server responded with a status of 403 () @ https://running-in-war.vercel.app/api/alerts:0
[  521365ms] [ERROR] Failed to load resource: the server responded with a status of 403 () @ https://running-in-war.vercel.app/api/alerts:0
[  526379ms] [ERROR] Failed to load resource: the server responded with a status of 403 () @ https://running-in-war.vercel.app/api/alerts:0
[  531370ms] [ERROR] Failed to load resource: the server responded with a status of 403 () @ https://running-in-war.vercel.app/api/alerts:0
[  536386ms] [ERROR] Failed to load resource: the server responded with a status of 403 () @ https://running-in-war.vercel.app/api/alerts:0
[  541374ms] [ERROR] Failed to load resource: the server responded with a status of 403 () @ https://running-in-war.vercel.app/api/alerts:0
[  546379ms] [ERROR] Failed to load resource: the server responded with a status of 403 () @ https://running-in-war.vercel.app/api/alerts:0
[  551390ms] [ERROR] Failed to load resource: the server responded with a status of 403 () @ https://running-in-war.vercel.app/api/alerts:0
[  556383ms] [ERROR] Failed to load resource: the server responded with a status of 403 () @ https://running-in-war.vercel.app/api/alerts:0
[  561365ms] [ERROR] Failed to load resource: the server responded with a status of 403 () @ https://running-in-war.vercel.app/api/alerts:0
[  566386ms] [ERROR] Failed to load resource: the server responded with a status of 403 () @ https://running-in-war.vercel.app/api/alerts:0
[  571388ms] [ERROR] Failed to load resource: the server responded with a status of 403 () @ https://running-in-war.vercel.app/api/alerts:0
[  576366ms] [ERROR] Failed to load resource: the server responded with a status of 403 () @ https://running-in-war.vercel.app/api/alerts:0
[  581372ms] [ERROR] Failed to load resource: the server responded with a status of 403 () @ https://running-in-war.vercel.app/api/alerts:0
[  586367ms] [ERROR] Failed to load resource: the server responded with a status of 403 () @ https://running-in-war.vercel.app/api/alerts:0
[  591369ms] [ERROR] Failed to load resource: the server responded with a status of 403 () @ https://running-in-war.vercel.app/api/alerts:0
[  596385ms] [ERROR] Failed to load resource: the server responded with a status of 403 () @ https://running-in-war.vercel.app/api/alerts:0
[  601374ms] [ERROR] Failed to load resource: the server responded with a status of 403 () @ https://running-in-war.vercel.app/api/alerts:0
[  606360ms] [ERROR] Failed to load resource: the server responded with a status of 403 () @ https://running-in-war.vercel.app/api/alerts:0
[  611375ms] [ERROR] Failed to load resource: the server responded with a status of 403 () @ https://running-in-war.vercel.app/api/alerts:0
[  616381ms] [ERROR] Failed to load resource: the server responded with a status of 403 () @ https://running-in-war.vercel.app/api/alerts:0
[  621386ms] [ERROR] Failed to load resource: the server responded with a status of 403 () @ https://running-in-war.vercel.app/api/alerts:0
[  626372ms] [ERROR] Failed to load resource: the server responded with a status of 403 () @ https://running-in-war.vercel.app/api/alerts:0
[  631374ms] [ERROR] Failed to load resource: the server responded with a status of 403 () @ https://running-in-war.vercel.app/api/alerts:0
[  636370ms] [ERROR] Failed to load resource: the server responded with a status of 403 () @ https://running-in-war.vercel.app/api/alerts:0
[  641378ms] [ERROR] Failed to load resource: the server responded with a status of 403 () @ https://running-in-war.vercel.app/api/alerts:0
[  646369ms] [ERROR] Failed to load resource: the server responded with a status of 403 () @ https://running-in-war.vercel.app/api/alerts:0
[  651382ms] [ERROR] Failed to load resource: the server responded with a status of 403 () @ https://running-in-war.vercel.app/api/alerts:0
[  656359ms] [ERROR] Failed to load resource: the server responded with a status of 403 () @ https://running-in-war.vercel.app/api/alerts:0
[  661388ms] [ERROR] Failed to load resource: the server responded with a status of 403 () @ https://running-in-war.vercel.app/api/alerts:0
[  666378ms] [ERROR] Failed to load resource: the server responded with a status of 403 () @ https://running-in-war.vercel.app/api/alerts:0
[  671375ms] [ERROR] Failed to load resource: the server responded with a status of 403 () @ https://running-in-war.vercel.app/api/alerts:0
[  676394ms] [ERROR] Failed to load resource: the server responded with a status of 403 () @ https://running-in-war.vercel.app/api/alerts:0
[  681365ms] [ERROR] Failed to load resource: the server responded with a status of 403 () @ https://running-in-war.vercel.app/api/alerts:0
[  686373ms] [ERROR] Failed to load resource: the server responded with a status of 403 () @ https://running-in-war.vercel.app/api/alerts:0
[  691388ms] [ERROR] Failed to load resource: the server responded with a status of 403 () @ https://running-in-war.vercel.app/api/alerts:0
[  696385ms] [ERROR] Failed to load resource: the server responded with a status of 403 () @ https://running-in-war.vercel.app/api/alerts:0
[  701384ms] [ERROR] Failed to load resource: the server responded with a status of 403 () @ https://running-in-war.vercel.app/api/alerts:0
[  706395ms] [ERROR] Failed to load resource: the server responded with a status of 403 () @ https://running-in-war.vercel.app/api/alerts:0
[  711361ms] [ERROR] Failed to load resource: the server responded with a status of 403 () @ https://running-in-war.vercel.app/api/alerts:0
[  716394ms] [ERROR] Failed to load resource: the server responded with a status of 403 () @ https://running-in-war.vercel.app/api/alerts:0
[  721395ms] [ERROR] Failed to load resource: the server responded with a status of 403 () @ https://running-in-war.vercel.app/api/alerts:0
[  726411ms] [ERROR] Failed to load resource: the server responded with a status of 403 () @ https://running-in-war.vercel.app/api/alerts:0
[  731370ms] [ERROR] Failed to load resource: the server responded with a status of 403 () @ https://running-in-war.vercel.app/api/alerts:0
[  736369ms] [ERROR] Failed to load resource: the server responded with a status of 403 () @ https://running-in-war.vercel.app/api/alerts:0
[  741535ms] [ERROR] Failed to load resource: the server responded with a status of 403 () @ https://running-in-war.vercel.app/api/alerts:0
[  746381ms] [ERROR] Failed to load resource: the server responded with a status of 403 () @ https://running-in-war.vercel.app/api/alerts:0
[  751365ms] [ERROR] Failed to load resource: the server responded with a status of 403 () @ https://running-in-war.vercel.app/api/alerts:0
[  756370ms] [ERROR] Failed to load resource: the server responded with a status of 403 () @ https://running-in-war.vercel.app/api/alerts:0
[  761404ms] [ERROR] Failed to load resource: the server responded with a status of 403 () @ https://running-in-war.vercel.app/api/alerts:0
[  766376ms] [ERROR] Failed to load resource: the server responded with a status of 403 () @ https://running-in-war.vercel.app/api/alerts:0
[  771368ms] [ERROR] Failed to load resource: the server responded with a status of 403 () @ https://running-in-war.vercel.app/api/alerts:0
[  776377ms] [ERROR] Failed to load resource: the server responded with a status of 403 () @ https://running-in-war.vercel.app/api/alerts:0
[  781372ms] [ERROR] Failed to load resource: the server responded with a status of 403 () @ https://running-in-war.vercel.app/api/alerts:0
[  786404ms] [ERROR] Failed to load resource: the server responded with a status of 403 () @ https://running-in-war.vercel.app/api/alerts:0
[  791372ms] [ERROR] Failed to load resource: the server responded with a status of 403 () @ https://running-in-war.vercel.app/api/alerts:0
[  796391ms] [ERROR] Failed to load resource: the server responded with a status of 403 () @ https://running-in-war.vercel.app/api/alerts:0
[  801380ms] [ERROR] Failed to load resource: the server responded with a status of 403 () @ https://running-in-war.vercel.app/api/alerts:0
[  806535ms] [ERROR] Failed to load resource: the server responded with a status of 403 () @ https://running-in-war.vercel.app/api/alerts:0
[  811397ms] [ERROR] Failed to load resource: the server responded with a status of 403 () @ https://running-in-war.vercel.app/api/alerts:0
[  816380ms] [ERROR] Failed to load resource: the server responded with a status of 403 () @ https://running-in-war.vercel.app/api/alerts:0
[  821383ms] [ERROR] Failed to load resource: the server responded with a status of 403 () @ https://running-in-war.vercel.app/api/alerts:0
[  826382ms] [ERROR] Failed to load resource: the server responded with a status of 403 () @ https://running-in-war.vercel.app/api/alerts:0
[  831413ms] [ERROR] Failed to load resource: the server responded with a status of 403 () @ https://running-in-war.vercel.app/api/alerts:0
[  836382ms] [ERROR] Failed to load resource: the server responded with a status of 403 () @ https://running-in-war.vercel.app/api/alerts:0
[  841367ms] [ERROR] Failed to load resource: the server responded with a status of 403 () @ https://running-in-war.vercel.app/api/alerts:0
[  846371ms] [ERROR] Failed to load resource: the server responded with a status of 403 () @ https://running-in-war.vercel.app/api/alerts:0
[  851372ms] [ERROR] Failed to load resource: the server responded with a status of 403 () @ https://running-in-war.vercel.app/api/alerts:0
[  856364ms] [ERROR] Failed to load resource: the server responded with a status of 403 () @ https://running-in-war.vercel.app/api/alerts:0
[  861364ms] [ERROR] Failed to load resource: the server responded with a status of 403 () @ https://running-in-war.vercel.app/api/alerts:0
[  866386ms] [ERROR] Failed to load resource: the server responded with a status of 403 () @ https://running-in-war.vercel.app/api/alerts:0
[  871360ms] [ERROR] Failed to load resource: the server responded with a status of 403 () @ https://running-in-war.vercel.app/api/alerts:0
[  876356ms] [ERROR] Failed to load resource: the server responded with a status of 403 () @ https://running-in-war.vercel.app/api/alerts:0
[  881366ms] [ERROR] Failed to load resource: the server responded with a status of 403 () @ https://running-in-war.vercel.app/api/alerts:0
[  886357ms] [ERROR] Failed to load resource: the server responded with a status of 403 () @ https://running-in-war.vercel.app/api/alerts:0
[  891377ms] [ERROR] Failed to load resource: the server responded with a status of 403 () @ https://running-in-war.vercel.app/api/alerts:0
[  896373ms] [ERROR] Failed to load resource: the server responded with a status of 403 () @ https://running-in-war.vercel.app/api/alerts:0
[  901352ms] [ERROR] Failed to load resource: the server responded with a status of 403 () @ https://running-in-war.vercel.app/api/alerts:0
[  906360ms] [ERROR] Failed to load resource: the server responded with a status of 403 () @ https://running-in-war.vercel.app/api/alerts:0
[  911363ms] [ERROR] Failed to load resource: the server responded with a status of 403 () @ https://running-in-war.vercel.app/api/alerts:0
[  916373ms] [ERROR] Failed to load resource: the server responded with a status of 403 () @ https://running-in-war.vercel.app/api/alerts:0
[  921361ms] [ERROR] Failed to load resource: the server responded with a status of 403 () @ https://running-in-war.vercel.app/api/alerts:0
[  926366ms] [ERROR] Failed to load resource: the server responded with a status of 403 () @ https://running-in-war.vercel.app/api/alerts:0
[  931357ms] [ERROR] Failed to load resource: the server responded with a status of 403 () @ https://running-in-war.vercel.app/api/alerts:0
[  936365ms] [ERROR] Failed to load resource: the server responded with a status of 403 () @ https://running-in-war.vercel.app/api/alerts:0
[  941368ms] [ERROR] Failed to load resource: the server responded with a status of 403 () @ https://running-in-war.vercel.app/api/alerts:0
[  946377ms] [ERROR] Failed to load resource: the server responded with a status of 403 () @ https://running-in-war.vercel.app/api/alerts:0
[  951354ms] [ERROR] Failed to load resource: the server responded with a status of 403 () @ https://running-in-war.vercel.app/api/alerts:0
[  956382ms] [ERROR] Failed to load resource: the server responded with a status of 403 () @ https://running-in-war.vercel.app/api/alerts:0
[  961362ms] [ERROR] Failed to load resource: the server responded with a status of 403 () @ https://running-in-war.vercel.app/api/alerts:0
[  966356ms] [ERROR] Failed to load resource: the server responded with a status of 403 () @ https://running-in-war.vercel.app/api/alerts:0
[  971364ms] [ERROR] Failed to load resource: the server responded with a status of 403 () @ https://running-in-war.vercel.app/api/alerts:0
[  976355ms] [ERROR] Failed to load resource: the server responded with a status of 403 () @ https://running-in-war.vercel.app/api/alerts:0
[  981398ms] [ERROR] Failed to load resource: the server responded with a status of 403 () @ https://running-in-war.vercel.app/api/alerts:0
[  986373ms] [ERROR] Failed to load resource: the server responded with a status of 403 () @ https://running-in-war.vercel.app/api/alerts:0
[  991367ms] [ERROR] Failed to load resource: the server responded with a status of 403 () @ https://running-in-war.vercel.app/api/alerts:0
[  996360ms] [ERROR] Failed to load resource: the server responded with a status of 403 () @ https://running-in-war.vercel.app/api/alerts:0
[ 1001422ms] [ERROR] Failed to load resource: the server responded with a status of 403 () @ https://running-in-war.vercel.app/api/alerts:0
[ 1006354ms] [ERROR] Failed to load resource: the server responded with a status of 403 () @ https://running-in-war.vercel.app/api/alerts:0
[ 1011361ms] [ERROR] Failed to load resource: the server responded with a status of 403 () @ https://running-in-war.vercel.app/api/alerts:0
[ 1016361ms] [ERROR] Failed to load resource: the server responded with a status of 403 () @ https://running-in-war.vercel.app/api/alerts:0
[ 1021396ms] [ERROR] Failed to load resource: the server responded with a status of 403 () @ https://running-in-war.vercel.app/api/alerts:0
[ 1026428ms] [ERROR] Failed to load resource: the server responded with a status of 403 () @ https://running-in-war.vercel.app/api/alerts:0
[ 1031376ms] [ERROR] Failed to load resource: the server responded with a status of 403 () @ https://running-in-war.vercel.app/api/alerts:0
[ 1036396ms] [ERROR] Failed to load resource: the server responded with a status of 403 () @ https://running-in-war.vercel.app/api/alerts:0
[ 1041370ms] [ERROR] Failed to load resource: the server responded with a status of 403 () @ https://running-in-war.vercel.app/api/alerts:0
[ 1046386ms] [ERROR] Failed to load resource: the server responded with a status of 403 () @ https://running-in-war.vercel.app/api/alerts:0
[ 1051371ms] [ERROR] Failed to load resource: the server responded with a status of 403 () @ https://running-in-war.vercel.app/api/alerts:0
[ 1056383ms] [ERROR] Failed to load resource: the server responded with a status of 403 () @ https://running-in-war.vercel.app/api/alerts:0
[ 1061394ms] [ERROR] Failed to load resource: the server responded with a status of 403 () @ https://running-in-war.vercel.app/api/alerts:0
[ 1066390ms] [ERROR] Failed to load resource: the server responded with a status of 403 () @ https://running-in-war.vercel.app/api/alerts:0
[ 1071382ms] [ERROR] Failed to load resource: the server responded with a status of 403 () @ https://running-in-war.vercel.app/api/alerts:0
[ 1076364ms] [ERROR] Failed to load resource: the server responded with a status of 403 () @ https://running-in-war.vercel.app/api/alerts:0
[ 1081378ms] [ERROR] Failed to load resource: the server responded with a status of 403 () @ https://running-in-war.vercel.app/api/alerts:0
[ 1086413ms] [ERROR] Failed to load resource: the server responded with a status of 403 () @ https://running-in-war.vercel.app/api/alerts:0
[ 1091376ms] [ERROR] Failed to load resource: the server responded with a status of 403 () @ https://running-in-war.vercel.app/api/alerts:0
[ 1096397ms] [ERROR] Failed to load resource: the server responded with a status of 403 () @ https://running-in-war.vercel.app/api/alerts:0
[ 1101378ms] [ERROR] Failed to load resource: the server responded with a status of 403 () @ https://running-in-war.vercel.app/api/alerts:0
[ 1106367ms] [ERROR] Failed to load resource: the server responded with a status of 403 () @ https://running-in-war.vercel.app/api/alerts:0
[ 1111382ms] [ERROR] Failed to load resource: the server responded with a status of 403 () @ https://running-in-war.vercel.app/api/alerts:0
[ 1116356ms] [ERROR] Failed to load resource: the server responded with a status of 403 () @ https://running-in-war.vercel.app/api/alerts:0
[ 1121390ms] [ERROR] Failed to load resource: the server responded with a status of 403 () @ https://running-in-war.vercel.app/api/alerts:0
[ 1126358ms] [ERROR] Failed to load resource: the server responded with a status of 403 () @ https://running-in-war.vercel.app/api/alerts:0
[ 1131357ms] [ERROR] Failed to load resource: the server responded with a status of 403 () @ https://running-in-war.vercel.app/api/alerts:0
[ 1136370ms] [ERROR] Failed to load resource: the server responded with a status of 403 () @ https://running-in-war.vercel.app/api/alerts:0
[ 1141379ms] [ERROR] Failed to load resource: the server responded with a status of 403 () @ https://running-in-war.vercel.app/api/alerts:0
[ 1146369ms] [ERROR] Failed to load resource: the server responded with a status of 403 () @ https://running-in-war.vercel.app/api/alerts:0
[ 1151375ms] [ERROR] Failed to load resource: the server responded with a status of 403 () @ https://running-in-war.vercel.app/api/alerts:0
[ 1156376ms] [ERROR] Failed to load resource: the server responded with a status of 403 () @ https://running-in-war.vercel.app/api/alerts:0
[ 1161358ms] [ERROR] Failed to load resource: the server responded with a status of 403 () @ https://running-in-war.vercel.app/api/alerts:0
[ 1166377ms] [ERROR] Failed to load resource: the server responded with a status of 403 () @ https://running-in-war.vercel.app/api/alerts:0
[ 1171372ms] [ERROR] Failed to load resource: the server responded with a status of 403 () @ https://running-in-war.vercel.app/api/alerts:0
[ 1176372ms] [ERROR] Failed to load resource: the server responded with a status of 403 () @ https://running-in-war.vercel.app/api/alerts:0
[ 1181362ms] [ERROR] Failed to load resource: the server responded with a status of 403 () @ https://running-in-war.vercel.app/api/alerts:0
[ 1186378ms] [ERROR] Failed to load resource: the server responded with a status of 403 () @ https://running-in-war.vercel.app/api/alerts:0
[ 1191378ms] [ERROR] Failed to load resource: the server responded with a status of 403 () @ https://running-in-war.vercel.app/api/alerts:0
[ 1196376ms] [ERROR] Failed to load resource: the server responded with a status of 403 () @ https://running-in-war.vercel.app/api/alerts:0
[ 1201384ms] [ERROR] Failed to load resource: the server responded with a status of 403 () @ https://running-in-war.vercel.app/api/alerts:0
[ 1206387ms] [ERROR] Failed to load resource: the server responded with a status of 403 () @ https://running-in-war.vercel.app/api/alerts:0
[ 1211371ms] [ERROR] Failed to load resource: the server responded with a status of 403 () @ https://running-in-war.vercel.app/api/alerts:0
[ 1216385ms] [ERROR] Failed to load resource: the server responded with a status of 403 () @ https://running-in-war.vercel.app/api/alerts:0
[ 1221376ms] [ERROR] Failed to load resource: the server responded with a status of 403 () @ https://running-in-war.vercel.app/api/alerts:0
[ 1226356ms] [ERROR] Failed to load resource: the server responded with a status of 403 () @ https://running-in-war.vercel.app/api/alerts:0
[ 1231368ms] [ERROR] Failed to load resource: the server responded with a status of 403 () @ https://running-in-war.vercel.app/api/alerts:0
[ 1236372ms] [ERROR] Failed to load resource: the server responded with a status of 403 () @ https://running-in-war.vercel.app/api/alerts:0
[ 1241387ms] [ERROR] Failed to load resource: the server responded with a status of 403 () @ https://running-in-war.vercel.app/api/alerts:0
[ 1246363ms] [ERROR] Failed to load resource: the server responded with a status of 403 () @ https://running-in-war.vercel.app/api/alerts:0
[ 1251368ms] [ERROR] Failed to load resource: the server responded with a status of 403 () @ https://running-in-war.vercel.app/api/alerts:0
[ 1256448ms] [ERROR] Failed to load resource: the server responded with a status of 403 () @ https://running-in-war.vercel.app/api/alerts:0
[ 1261431ms] [ERROR] Failed to load resource: the server responded with a status of 403 () @ https://running-in-war.vercel.app/api/alerts:0
[ 1266365ms] [ERROR] Failed to load resource: the server responded with a status of 403 () @ https://running-in-war.vercel.app/api/alerts:0
[ 1271368ms] [ERROR] Failed to load resource: the server responded with a status of 403 () @ https://running-in-war.vercel.app/api/alerts:0
[ 1276355ms] [ERROR] Failed to load resource: the server responded with a status of 403 () @ https://running-in-war.vercel.app/api/alerts:0
[ 1281382ms] [ERROR] Failed to load resource: the server responded with a status of 403 () @ https://running-in-war.vercel.app/api/alerts:0
[ 1286387ms] [ERROR] Failed to load resource: the server responded with a status of 403 () @ https://running-in-war.vercel.app/api/alerts:0
[ 1291353ms] [ERROR] Failed to load resource: the server responded with a status of 403 () @ https://running-in-war.vercel.app/api/alerts:0
[ 1296490ms] [ERROR] Failed to load resource: the server responded with a status of 403 () @ https://running-in-war.vercel.app/api/alerts:0
[ 1301393ms] [ERROR] Failed to load resource: the server responded with a status of 403 () @ https://running-in-war.vercel.app/api/alerts:0
[ 1306375ms] [ERROR] Failed to load resource: the server responded with a status of 403 () @ https://running-in-war.vercel.app/api/alerts:0
[ 1311386ms] [ERROR] Failed to load resource: the server responded with a status of 403 () @ https://running-in-war.vercel.app/api/alerts:0
[ 1316360ms] [ERROR] Failed to load resource: the server responded with a status of 403 () @ https://running-in-war.vercel.app/api/alerts:0
[ 1321427ms] [ERROR] Failed to load resource: the server responded with a status of 403 () @ https://running-in-war.vercel.app/api/alerts:0
[ 1326391ms] [ERROR] Failed to load resource: the server responded with a status of 403 () @ https://running-in-war.vercel.app/api/alerts:0
[ 1331390ms] [ERROR] Failed to load resource: the server responded with a status of 403 () @ https://running-in-war.vercel.app/api/alerts:0
[ 1336383ms] [ERROR] Failed to load resource: the server responded with a status of 403 () @ https://running-in-war.vercel.app/api/alerts:0
[ 1341436ms] [ERROR] Failed to load resource: the server responded with a status of 403 () @ https://running-in-war.vercel.app/api/alerts:0
[ 1346417ms] [ERROR] Failed to load resource: the server responded with a status of 403 () @ https://running-in-war.vercel.app/api/alerts:0
[ 1351366ms] [ERROR] Failed to load resource: the server responded with a status of 403 () @ https://running-in-war.vercel.app/api/alerts:0
[ 1356363ms] [ERROR] Failed to load resource: the server responded with a status of 403 () @ https://running-in-war.vercel.app/api/alerts:0
[ 1361366ms] [ERROR] Failed to load resource: the server responded with a status of 403 () @ https://running-in-war.vercel.app/api/alerts:0
[ 1366428ms] [ERROR] Failed to load resource: the server responded with a status of 403 () @ https://running-in-war.vercel.app/api/alerts:0
[ 1371415ms] [ERROR] Failed to load resource: the server responded with a status of 403 () @ https://running-in-war.vercel.app/api/alerts:0
[ 1376380ms] [ERROR] Failed to load resource: the server responded with a status of 403 () @ https://running-in-war.vercel.app/api/alerts:0
[ 1381366ms] [ERROR] Failed to load resource: the server responded with a status of 403 () @ https://running-in-war.vercel.app/api/alerts:0
[ 1386385ms] [ERROR] Failed to load resource: the server responded with a status of 403 () @ https://running-in-war.vercel.app/api/alerts:0
[ 1391373ms] [ERROR] Failed to load resource: the server responded with a status of 403 () @ https://running-in-war.vercel.app/api/alerts:0
[ 1396378ms] [ERROR] Failed to load resource: the server responded with a status of 403 () @ https://running-in-war.vercel.app/api/alerts:0
[ 1401392ms] [ERROR] Failed to load resource: the server responded with a status of 403 () @ https://running-in-war.vercel.app/api/alerts:0
[ 1406354ms] [ERROR] Failed to load resource: the server responded with a status of 403 () @ https://running-in-war.vercel.app/api/alerts:0
[ 1411389ms] [ERROR] Failed to load resource: the server responded with a status of 403 () @ https://running-in-war.vercel.app/api/alerts:0
[ 1416365ms] [ERROR] Failed to load resource: the server responded with a status of 403 () @ https://running-in-war.vercel.app/api/alerts:0
[ 1421363ms] [ERROR] Failed to load resource: the server responded with a status of 403 () @ https://running-in-war.vercel.app/api/alerts:0
[ 1426362ms] [ERROR] Failed to load resource: the server responded with a status of 403 () @ https://running-in-war.vercel.app/api/alerts:0
[ 1431358ms] [ERROR] Failed to load resource: the server responded with a status of 403 () @ https://running-in-war.vercel.app/api/alerts:0
[ 1436370ms] [ERROR] Failed to load resource: the server responded with a status of 403 () @ https://running-in-war.vercel.app/api/alerts:0
[ 1441358ms] [ERROR] Failed to load resource: the server responded with a status of 403 () @ https://running-in-war.vercel.app/api/alerts:0
[ 1446455ms] [ERROR] Failed to load resource: the server responded with a status of 403 () @ https://running-in-war.vercel.app/api/alerts:0
[ 1451369ms] [ERROR] Failed to load resource: the server responded with a status of 403 () @ https://running-in-war.vercel.app/api/alerts:0
[ 1456371ms] [ERROR] Failed to load resource: the server responded with a status of 403 () @ https://running-in-war.vercel.app/api/alerts:0
[ 1461420ms] [ERROR] Failed to load resource: the server responded with a status of 403 () @ https://running-in-war.vercel.app/api/alerts:0
[ 1466440ms] [ERROR] Failed to load resource: the server responded with a status of 403 () @ https://running-in-war.vercel.app/api/alerts:0
[ 1471382ms] [ERROR] Failed to load resource: the server responded with a status of 403 () @ https://running-in-war.vercel.app/api/alerts:0
[ 1476373ms] [ERROR] Failed to load resource: the server responded with a status of 403 () @ https://running-in-war.vercel.app/api/alerts:0
[ 1481365ms] [ERROR] Failed to load resource: the server responded with a status of 403 () @ https://running-in-war.vercel.app/api/alerts:0
[ 1486391ms] [ERROR] Failed to load resource: the server responded with a status of 403 () @ https://running-in-war.vercel.app/api/alerts:0
[ 1491376ms] [ERROR] Failed to load resource: the server responded with a status of 403 () @ https://running-in-war.vercel.app/api/alerts:0
[ 1496409ms] [ERROR] Failed to load resource: the server responded with a status of 403 () @ https://running-in-war.vercel.app/api/alerts:0
[ 1501383ms] [ERROR] Failed to load resource: the server responded with a status of 403 () @ https://running-in-war.vercel.app/api/alerts:0
[ 1506377ms] [ERROR] Failed to load resource: the server responded with a status of 403 () @ https://running-in-war.vercel.app/api/alerts:0
[ 1511366ms] [ERROR] Failed to load resource: the server responded with a status of 403 () @ https://running-in-war.vercel.app/api/alerts:0
[ 1516390ms] [ERROR] Failed to load resource: the server responded with a status of 403 () @ https://running-in-war.vercel.app/api/alerts:0
[ 1521354ms] [ERROR] Failed to load resource: the server responded with a status of 403 () @ https://running-in-war.vercel.app/api/alerts:0
[ 1526360ms] [ERROR] Failed to load resource: the server responded with a status of 403 () @ https://running-in-war.vercel.app/api/alerts:0
[ 1531351ms] [ERROR] Failed to load resource: the server responded with a status of 403 () @ https://running-in-war.vercel.app/api/alerts:0
[ 1536368ms] [ERROR] Failed to load resource: the server responded with a status of 403 () @ https://running-in-war.vercel.app/api/alerts:0
[ 1541358ms] [ERROR] Failed to load resource: the server responded with a status of 403 () @ https://running-in-war.vercel.app/api/alerts:0
[ 1546372ms] [ERROR] Failed to load resource: the server responded with a status of 403 () @ https://running-in-war.vercel.app/api/alerts:0
[ 1551370ms] [ERROR] Failed to load resource: the server responded with a status of 403 () @ https://running-in-war.vercel.app/api/alerts:0
[ 1556369ms] [ERROR] Failed to load resource: the server responded with a status of 403 () @ https://running-in-war.vercel.app/api/alerts:0
[ 1561372ms] [ERROR] Failed to load resource: the server responded with a status of 403 () @ https://running-in-war.vercel.app/api/alerts:0
[ 1566368ms] [ERROR] Failed to load resource: the server responded with a status of 403 () @ https://running-in-war.vercel.app/api/alerts:0
[ 1571366ms] [ERROR] Failed to load resource: the server responded with a status of 403 () @ https://running-in-war.vercel.app/api/alerts:0
[ 1576364ms] [ERROR] Failed to load resource: the server responded with a status of 403 () @ https://running-in-war.vercel.app/api/alerts:0
[ 1581377ms] [ERROR] Failed to load resource: the server responded with a status of 403 () @ https://running-in-war.vercel.app/api/alerts:0
[ 1586359ms] [ERROR] Failed to load resource: the server responded with a status of 403 () @ https://running-in-war.vercel.app/api/alerts:0
[ 1591352ms] [ERROR] Failed to load resource: the server responded with a status of 403 () @ https://running-in-war.vercel.app/api/alerts:0
[ 1596361ms] [ERROR] Failed to load resource: the server responded with a status of 403 () @ https://running-in-war.vercel.app/api/alerts:0
[ 1601381ms] [ERROR] Failed to load resource: the server responded with a status of 403 () @ https://running-in-war.vercel.app/api/alerts:0
[ 1606353ms] [ERROR] Failed to load resource: the server responded with a status of 403 () @ https://running-in-war.vercel.app/api/alerts:0
[ 1611356ms] [ERROR] Failed to load resource: the server responded with a status of 403 () @ https://running-in-war.vercel.app/api/alerts:0
[ 1616356ms] [ERROR] Failed to load resource: the server responded with a status of 403 () @ https://running-in-war.vercel.app/api/alerts:0
[ 1621361ms] [ERROR] Failed to load resource: the server responded with a status of 403 () @ https://running-in-war.vercel.app/api/alerts:0
[ 1626376ms] [ERROR] Failed to load resource: the server responded with a status of 403 () @ https://running-in-war.vercel.app/api/alerts:0
[ 1631354ms] [ERROR] Failed to load resource: the server responded with a status of 403 () @ https://running-in-war.vercel.app/api/alerts:0
[ 1636363ms] [ERROR] Failed to load resource: the server responded with a status of 403 () @ https://running-in-war.vercel.app/api/alerts:0
[ 1641370ms] [ERROR] Failed to load resource: the server responded with a status of 403 () @ https://running-in-war.vercel.app/api/alerts:0
[ 1646378ms] [ERROR] Failed to load resource: the server responded with a status of 403 () @ https://running-in-war.vercel.app/api/alerts:0
[ 1651354ms] [ERROR] Failed to load resource: the server responded with a status of 403 () @ https://running-in-war.vercel.app/api/alerts:0
[ 1656355ms] [ERROR] Failed to load resource: the server responded with a status of 403 () @ https://running-in-war.vercel.app/api/alerts:0
[ 1661362ms] [ERROR] Failed to load resource: the server responded with a status of 403 () @ https://running-in-war.vercel.app/api/alerts:0
[ 1666352ms] [ERROR] Failed to load resource: the server responded with a status of 403 () @ https://running-in-war.vercel.app/api/alerts:0
[ 1671355ms] [ERROR] Failed to load resource: the server responded with a status of 403 () @ https://running-in-war.vercel.app/api/alerts:0
[ 1676361ms] [ERROR] Failed to load resource: the server responded with a status of 403 () @ https://running-in-war.vercel.app/api/alerts:0
[ 1681366ms] [ERROR] Failed to load resource: the server responded with a status of 403 () @ https://running-in-war.vercel.app/api/alerts:0
[ 1686382ms] [ERROR] Failed to load resource: the server responded with a status of 403 () @ https://running-in-war.vercel.app/api/alerts:0
[ 1691355ms] [ERROR] Failed to load resource: the server responded with a status of 403 () @ https://running-in-war.vercel.app/api/alerts:0
[ 1696353ms] [ERROR] Failed to load resource: the server responded with a status of 403 () @ https://running-in-war.vercel.app/api/alerts:0
[ 1701365ms] [ERROR] Failed to load resource: the server responded with a status of 403 () @ https://running-in-war.vercel.app/api/alerts:0
[ 1706361ms] [ERROR] Failed to load resource: the server responded with a status of 403 () @ https://running-in-war.vercel.app/api/alerts:0
[ 1711362ms] [ERROR] Failed to load resource: the server responded with a status of 403 () @ https://running-in-war.vercel.app/api/alerts:0
[ 1716356ms] [ERROR] Failed to load resource: the server responded with a status of 403 () @ https://running-in-war.vercel.app/api/alerts:0
[ 1721367ms] [ERROR] Failed to load resource: the server responded with a status of 403 () @ https://running-in-war.vercel.app/api/alerts:0
[ 1726365ms] [ERROR] Failed to load resource: the server responded with a status of 403 () @ https://running-in-war.vercel.app/api/alerts:0
[ 1731353ms] [ERROR] Failed to load resource: the server responded with a status of 403 () @ https://running-in-war.vercel.app/api/alerts:0
[ 1736352ms] [ERROR] Failed to load resource: the server responded with a status of 403 () @ https://running-in-war.vercel.app/api/alerts:0
[ 1741356ms] [ERROR] Failed to load resource: the server responded with a status of 403 () @ https://running-in-war.vercel.app/api/alerts:0
[ 1746444ms] [ERROR] Failed to load resource: the server responded with a status of 403 () @ https://running-in-war.vercel.app/api/alerts:0
[ 1751362ms] [ERROR] Failed to load resource: the server responded with a status of 403 () @ https://running-in-war.vercel.app/api/alerts:0
[ 1756352ms] [ERROR] Failed to load resource: the server responded with a status of 403 () @ https://running-in-war.vercel.app/api/alerts:0
[ 1761353ms] [ERROR] Failed to load resource: the server responded with a status of 403 () @ https://running-in-war.vercel.app/api/alerts:0
[ 1766366ms] [ERROR] Failed to load resource: the server responded with a status of 403 () @ https://running-in-war.vercel.app/api/alerts:0
[ 1771357ms] [ERROR] Failed to load resource: the server responded with a status of 403 () @ https://running-in-war.vercel.app/api/alerts:0
[ 1776362ms] [ERROR] Failed to load resource: the server responded with a status of 403 () @ https://running-in-war.vercel.app/api/alerts:0
[ 1781361ms] [ERROR] Failed to load resource: the server responded with a status of 403 () @ https://running-in-war.vercel.app/api/alerts:0
[ 1786383ms] [ERROR] Failed to load resource: the server responded with a status of 403 () @ https://running-in-war.vercel.app/api/alerts:0
[ 1791359ms] [ERROR] Failed to load resource: the server responded with a status of 403 () @ https://running-in-war.vercel.app/api/alerts:0
[ 1796349ms] [ERROR] Failed to load resource: the server responded with a status of 403 () @ https://running-in-war.vercel.app/api/alerts:0
[ 1801352ms] [ERROR] Failed to load resource: the server responded with a status of 403 () @ https://running-in-war.vercel.app/api/alerts:0
[ 1806353ms] [ERROR] Failed to load resource: the server responded with a status of 403 () @ https://running-in-war.vercel.app/api/alerts:0
[ 1811347ms] [ERROR] Failed to load resource: the server responded with a status of 403 () @ https://running-in-war.vercel.app/api/alerts:0
[ 1816350ms] [ERROR] Failed to load resource: the server responded with a status of 403 () @ https://running-in-war.vercel.app/api/alerts:0
[ 1821364ms] [ERROR] Failed to load resource: the server responded with a status of 403 () @ https://running-in-war.vercel.app/api/alerts:0
[ 1826378ms] [ERROR] Failed to load resource: the server responded with a status of 403 () @ https://running-in-war.vercel.app/api/alerts:0
[ 1831352ms] [ERROR] Failed to load resource: the server responded with a status of 403 () @ https://running-in-war.vercel.app/api/alerts:0
[ 1836349ms] [ERROR] Failed to load resource: the server responded with a status of 403 () @ https://running-in-war.vercel.app/api/alerts:0
[ 1841343ms] [ERROR] Failed to load resource: the server responded with a status of 403 () @ https://running-in-war.vercel.app/api/alerts:0
[ 1846376ms] [ERROR] Failed to load resource: the server responded with a status of 403 () @ https://running-in-war.vercel.app/api/alerts:0
[ 1851364ms] [ERROR] Failed to load resource: the server responded with a status of 403 () @ https://running-in-war.vercel.app/api/alerts:0
[ 1856347ms] [ERROR] Failed to load resource: the server responded with a status of 403 () @ https://running-in-war.vercel.app/api/alerts:0
[ 1861349ms] [ERROR] Failed to load resource: the server responded with a status of 403 () @ https://running-in-war.vercel.app/api/alerts:0
[ 1866378ms] [ERROR] Failed to load resource: the server responded with a status of 403 () @ https://running-in-war.vercel.app/api/alerts:0
[ 1871359ms] [ERROR] Failed to load resource: the server responded with a status of 403 () @ https://running-in-war.vercel.app/api/alerts:0
[ 1876358ms] [ERROR] Failed to load resource: the server responded with a status of 403 () @ https://running-in-war.vercel.app/api/alerts:0
[ 1881372ms] [ERROR] Failed to load resource: the server responded with a status of 403 () @ https://running-in-war.vercel.app/api/alerts:0
[ 1886360ms] [ERROR] Failed to load resource: the server responded with a status of 403 () @ https://running-in-war.vercel.app/api/alerts:0
[ 1891367ms] [ERROR] Failed to load resource: the server responded with a status of 403 () @ https://running-in-war.vercel.app/api/alerts:0
[ 1896416ms] [ERROR] Failed to load resource: the server responded with a status of 403 () @ https://running-in-war.vercel.app/api/alerts:0
[ 1901387ms] [ERROR] Failed to load resource: the server responded with a status of 403 () @ https://running-in-war.vercel.app/api/alerts:0
[ 1906367ms] [ERROR] Failed to load resource: the server responded with a status of 403 () @ https://running-in-war.vercel.app/api/alerts:0
[ 1911444ms] [ERROR] Failed to load resource: the server responded with a status of 403 () @ https://running-in-war.vercel.app/api/alerts:0
[ 1916358ms] [ERROR] Failed to load resource: the server responded with a status of 403 () @ https://running-in-war.vercel.app/api/alerts:0
[ 1921357ms] [ERROR] Failed to load resource: the server responded with a status of 403 () @ https://running-in-war.vercel.app/api/alerts:0
[ 1927066ms] [ERROR] Failed to load resource: the server responded with a status of 403 () @ https://running-in-war.vercel.app/api/alerts:0
[ 1931367ms] [ERROR] Failed to load resource: the server responded with a status of 403 () @ https://running-in-war.vercel.app/api/alerts:0
[ 1936374ms] [ERROR] Failed to load resource: the server responded with a status of 403 () @ https://running-in-war.vercel.app/api/alerts:0
[ 1941413ms] [ERROR] Failed to load resource: the server responded with a status of 403 () @ https://running-in-war.vercel.app/api/alerts:0
[ 1946514ms] [ERROR] Failed to load resource: the server responded with a status of 403 () @ https://running-in-war.vercel.app/api/alerts:0
[ 1951372ms] [ERROR] Failed to load resource: the server responded with a status of 403 () @ https://running-in-war.vercel.app/api/alerts:0
[ 1956375ms] [ERROR] Failed to load resource: the server responded with a status of 403 () @ https://running-in-war.vercel.app/api/alerts:0
[ 1961383ms] [ERROR] Failed to load resource: the server responded with a status of 403 () @ https://running-in-war.vercel.app/api/alerts:0
[ 1966382ms] [ERROR] Failed to load resource: the server responded with a status of 403 () @ https://running-in-war.vercel.app/api/alerts:0
[ 1971392ms] [ERROR] Failed to load resource: the server responded with a status of 403 () @ https://running-in-war.vercel.app/api/alerts:0
[ 1976374ms] [ERROR] Failed to load resource: the server responded with a status of 403 () @ https://running-in-war.vercel.app/api/alerts:0
[ 1981360ms] [ERROR] Failed to load resource: the server responded with a status of 403 () @ https://running-in-war.vercel.app/api/alerts:0
[ 1986372ms] [ERROR] Failed to load resource: the server responded with a status of 403 () @ https://running-in-war.vercel.app/api/alerts:0
[ 1991386ms] [ERROR] Failed to load resource: the server responded with a status of 403 () @ https://running-in-war.vercel.app/api/alerts:0
[ 1996369ms] [ERROR] Failed to load resource: the server responded with a status of 403 () @ https://running-in-war.vercel.app/api/alerts:0
[ 2001374ms] [ERROR] Failed to load resource: the server responded with a status of 403 () @ https://running-in-war.vercel.app/api/alerts:0
[ 2006370ms] [ERROR] Failed to load resource: the server responded with a status of 403 () @ https://running-in-war.vercel.app/api/alerts:0
[ 2011362ms] [ERROR] Failed to load resource: the server responded with a status of 403 () @ https://running-in-war.vercel.app/api/alerts:0
[ 2016355ms] [ERROR] Failed to load resource: the server responded with a status of 403 () @ https://running-in-war.vercel.app/api/alerts:0
[ 2021418ms] [ERROR] Failed to load resource: the server responded with a status of 403 () @ https://running-in-war.vercel.app/api/alerts:0
[ 2026391ms] [ERROR] Failed to load resource: the server responded with a status of 403 () @ https://running-in-war.vercel.app/api/alerts:0
[ 2031359ms] [ERROR] Failed to load resource: the server responded with a status of 403 () @ https://running-in-war.vercel.app/api/alerts:0
[ 2036380ms] [ERROR] Failed to load resource: the server responded with a status of 403 () @ https://running-in-war.vercel.app/api/alerts:0
[ 2041385ms] [ERROR] Failed to load resource: the server responded with a status of 403 () @ https://running-in-war.vercel.app/api/alerts:0
[ 2046373ms] [ERROR] Failed to load resource: the server responded with a status of 403 () @ https://running-in-war.vercel.app/api/alerts:0
[ 2051370ms] [ERROR] Failed to load resource: the server responded with a status of 403 () @ https://running-in-war.vercel.app/api/alerts:0
[ 2056381ms] [ERROR] Failed to load resource: the server responded with a status of 403 () @ https://running-in-war.vercel.app/api/alerts:0
[ 2061363ms] [ERROR] Failed to load resource: the server responded with a status of 403 () @ https://running-in-war.vercel.app/api/alerts:0
[ 2066383ms] [ERROR] Failed to load resource: the server responded with a status of 403 () @ https://running-in-war.vercel.app/api/alerts:0
[ 2071366ms] [ERROR] Failed to load resource: the server responded with a status of 403 () @ https://running-in-war.vercel.app/api/alerts:0
[ 2076384ms] [ERROR] Failed to load resource: the server responded with a status of 403 () @ https://running-in-war.vercel.app/api/alerts:0
[ 2081376ms] [ERROR] Failed to load resource: the server responded with a status of 403 () @ https://running-in-war.vercel.app/api/alerts:0
[ 2086361ms] [ERROR] Failed to load resource: the server responded with a status of 403 () @ https://running-in-war.vercel.app/api/alerts:0
[ 2091355ms] [ERROR] Failed to load resource: the server responded with a status of 403 () @ https://running-in-war.vercel.app/api/alerts:0
[ 2096369ms] [ERROR] Failed to load resource: the server responded with a status of 403 () @ https://running-in-war.vercel.app/api/alerts:0
[ 2101375ms] [ERROR] Failed to load resource: the server responded with a status of 403 () @ https://running-in-war.vercel.app/api/alerts:0
[ 2106361ms] [ERROR] Failed to load resource: the server responded with a status of 403 () @ https://running-in-war.vercel.app/api/alerts:0
[ 2111365ms] [ERROR] Failed to load resource: the server responded with a status of 403 () @ https://running-in-war.vercel.app/api/alerts:0
[ 2116378ms] [ERROR] Failed to load resource: the server responded with a status of 403 () @ https://running-in-war.vercel.app/api/alerts:0
[ 2121375ms] [ERROR] Failed to load resource: the server responded with a status of 403 () @ https://running-in-war.vercel.app/api/alerts:0
[ 2126370ms] [ERROR] Failed to load resource: the server responded with a status of 403 () @ https://running-in-war.vercel.app/api/alerts:0
[ 2131360ms] [ERROR] Failed to load resource: the server responded with a status of 403 () @ https://running-in-war.vercel.app/api/alerts:0
[ 2136383ms] [ERROR] Failed to load resource: the server responded with a status of 403 () @ https://running-in-war.vercel.app/api/alerts:0
[ 2141383ms] [ERROR] Failed to load resource: the server responded with a status of 403 () @ https://running-in-war.vercel.app/api/alerts:0
[ 2146364ms] [ERROR] Failed to load resource: the server responded with a status of 403 () @ https://running-in-war.vercel.app/api/alerts:0
[ 2151367ms] [ERROR] Failed to load resource: the server responded with a status of 403 () @ https://running-in-war.vercel.app/api/alerts:0
[ 2156362ms] [ERROR] Failed to load resource: the server responded with a status of 403 () @ https://running-in-war.vercel.app/api/alerts:0
[ 2161352ms] [ERROR] Failed to load resource: the server responded with a status of 403 () @ https://running-in-war.vercel.app/api/alerts:0
[ 2166383ms] [ERROR] Failed to load resource: the server responded with a status of 403 () @ https://running-in-war.vercel.app/api/alerts:0
[ 2171367ms] [ERROR] Failed to load resource: the server responded with a status of 403 () @ https://running-in-war.vercel.app/api/alerts:0
[ 2176359ms] [ERROR] Failed to load resource: the server responded with a status of 403 () @ https://running-in-war.vercel.app/api/alerts:0
[ 2181360ms] [ERROR] Failed to load resource: the server responded with a status of 403 () @ https://running-in-war.vercel.app/api/alerts:0
[ 2186365ms] [ERROR] Failed to load resource: the server responded with a status of 403 () @ https://running-in-war.vercel.app/api/alerts:0
[ 2191366ms] [ERROR] Failed to load resource: the server responded with a status of 403 () @ https://running-in-war.vercel.app/api/alerts:0
[ 2196384ms] [ERROR] Failed to load resource: the server responded with a status of 403 () @ https://running-in-war.vercel.app/api/alerts:0
[ 2201385ms] [ERROR] Failed to load resource: the server responded with a status of 403 () @ https://running-in-war.vercel.app/api/alerts:0
[ 2206360ms] [ERROR] Failed to load resource: the server responded with a status of 403 () @ https://running-in-war.vercel.app/api/alerts:0
[ 2211354ms] [ERROR] Failed to load resource: the server responded with a status of 403 () @ https://running-in-war.vercel.app/api/alerts:0
[ 2216362ms] [ERROR] Failed to load resource: the server responded with a status of 403 () @ https://running-in-war.vercel.app/api/alerts:0
[ 2221356ms] [ERROR] Failed to load resource: the server responded with a status of 403 () @ https://running-in-war.vercel.app/api/alerts:0
[ 2226362ms] [ERROR] Failed to load resource: the server responded with a status of 403 () @ https://running-in-war.vercel.app/api/alerts:0
[ 2231347ms] [ERROR] Failed to load resource: the server responded with a status of 403 () @ https://running-in-war.vercel.app/api/alerts:0
[ 2236358ms] [ERROR] Failed to load resource: the server responded with a status of 403 () @ https://running-in-war.vercel.app/api/alerts:0
[ 2241362ms] [ERROR] Failed to load resource: the server responded with a status of 403 () @ https://running-in-war.vercel.app/api/alerts:0
[ 2246364ms] [ERROR] Failed to load resource: the server responded with a status of 403 () @ https://running-in-war.vercel.app/api/alerts:0
[ 2251352ms] [ERROR] Failed to load resource: the server responded with a status of 403 () @ https://running-in-war.vercel.app/api/alerts:0
[ 2256354ms] [ERROR] Failed to load resource: the server responded with a status of 403 () @ https://running-in-war.vercel.app/api/alerts:0
[ 2261359ms] [ERROR] Failed to load resource: the server responded with a status of 403 () @ https://running-in-war.vercel.app/api/alerts:0
[ 2266380ms] [ERROR] Failed to load resource: the server responded with a status of 403 () @ https://running-in-war.vercel.app/api/alerts:0
[ 2271345ms] [ERROR] Failed to load resource: the server responded with a status of 403 () @ https://running-in-war.vercel.app/api/alerts:0
[ 2276376ms] [ERROR] Failed to load resource: the server responded with a status of 403 () @ https://running-in-war.vercel.app/api/alerts:0
[ 2281358ms] [ERROR] Failed to load resource: the server responded with a status of 403 () @ https://running-in-war.vercel.app/api/alerts:0
[ 2286374ms] [ERROR] Failed to load resource: the server responded with a status of 403 () @ https://running-in-war.vercel.app/api/alerts:0
[ 2291357ms] [ERROR] Failed to load resource: the server responded with a status of 403 () @ https://running-in-war.vercel.app/api/alerts:0
[ 2296369ms] [ERROR] Failed to load resource: the server responded with a status of 403 () @ https://running-in-war.vercel.app/api/alerts:0
[ 2301372ms] [ERROR] Failed to load resource: the server responded with a status of 403 () @ https://running-in-war.vercel.app/api/alerts:0
[ 2306367ms] [ERROR] Failed to load resource: the server responded with a status of 403 () @ https://running-in-war.vercel.app/api/alerts:0
[ 2311372ms] [ERROR] Failed to load resource: the server responded with a status of 403 () @ https://running-in-war.vercel.app/api/alerts:0
[ 2316373ms] [ERROR] Failed to load resource: the server responded with a status of 403 () @ https://running-in-war.vercel.app/api/alerts:0
[ 2321383ms] [ERROR] Failed to load resource: the server responded with a status of 403 () @ https://running-in-war.vercel.app/api/alerts:0
[ 2326365ms] [ERROR] Failed to load resource: the server responded with a status of 403 () @ https://running-in-war.vercel.app/api/alerts:0
[ 2331526ms] [ERROR] Failed to load resource: the server responded with a status of 403 () @ https://running-in-war.vercel.app/api/alerts:0
[ 2336351ms] [ERROR] Failed to load resource: the server responded with a status of 403 () @ https://running-in-war.vercel.app/api/alerts:0
[ 2341364ms] [ERROR] Failed to load resource: the server responded with a status of 403 () @ https://running-in-war.vercel.app/api/alerts:0
[ 2346350ms] [ERROR] Failed to load resource: the server responded with a status of 403 () @ https://running-in-war.vercel.app/api/alerts:0
[ 2351351ms] [ERROR] Failed to load resource: the server responded with a status of 403 () @ https://running-in-war.vercel.app/api/alerts:0
[ 2356358ms] [ERROR] Failed to load resource: the server responded with a status of 403 () @ https://running-in-war.vercel.app/api/alerts:0
[ 2361371ms] [ERROR] Failed to load resource: the server responded with a status of 403 () @ https://running-in-war.vercel.app/api/alerts:0
[ 2366368ms] [ERROR] Failed to load resource: the server responded with a status of 403 () @ https://running-in-war.vercel.app/api/alerts:0
[ 2371355ms] [ERROR] Failed to load resource: the server responded with a status of 403 () @ https://running-in-war.vercel.app/api/alerts:0
[ 2376372ms] [ERROR] Failed to load resource: the server responded with a status of 403 () @ https://running-in-war.vercel.app/api/alerts:0
[ 2381364ms] [ERROR] Failed to load resource: the server responded with a status of 403 () @ https://running-in-war.vercel.app/api/alerts:0
[ 2386371ms] [ERROR] Failed to load resource: the server responded with a status of 403 () @ https://running-in-war.vercel.app/api/alerts:0
[ 2391376ms] [ERROR] Failed to load resource: the server responded with a status of 403 () @ https://running-in-war.vercel.app/api/alerts:0
[ 2396343ms] [ERROR] Failed to load resource: the server responded with a status of 403 () @ https://running-in-war.vercel.app/api/alerts:0
[ 2401348ms] [ERROR] Failed to load resource: the server responded with a status of 403 () @ https://running-in-war.vercel.app/api/alerts:0
[ 2406351ms] [ERROR] Failed to load resource: the server responded with a status of 403 () @ https://running-in-war.vercel.app/api/alerts:0
[ 2411366ms] [ERROR] Failed to load resource: the server responded with a status of 403 () @ https://running-in-war.vercel.app/api/alerts:0
[ 2416355ms] [ERROR] Failed to load resource: the server responded with a status of 403 () @ https://running-in-war.vercel.app/api/alerts:0
[ 2421369ms] [ERROR] Failed to load resource: the server responded with a status of 403 () @ https://running-in-war.vercel.app/api/alerts:0
[ 2426342ms] [ERROR] Failed to load resource: the server responded with a status of 403 () @ https://running-in-war.vercel.app/api/alerts:0
[ 2431387ms] [ERROR] Failed to load resource: the server responded with a status of 403 () @ https://running-in-war.vercel.app/api/alerts:0
[ 2436357ms] [ERROR] Failed to load resource: the server responded with a status of 403 () @ https://running-in-war.vercel.app/api/alerts:0
[ 2441355ms] [ERROR] Failed to load resource: the server responded with a status of 403 () @ https://running-in-war.vercel.app/api/alerts:0
[ 2446371ms] [ERROR] Failed to load resource: the server responded with a status of 403 () @ https://running-in-war.vercel.app/api/alerts:0
[ 2451354ms] [ERROR] Failed to load resource: the server responded with a status of 403 () @ https://running-in-war.vercel.app/api/alerts:0
[ 2456371ms] [ERROR] Failed to load resource: the server responded with a status of 403 () @ https://running-in-war.vercel.app/api/alerts:0
[ 2461439ms] [ERROR] Failed to load resource: the server responded with a status of 403 () @ https://running-in-war.vercel.app/api/alerts:0
[ 2466371ms] [ERROR] Failed to load resource: the server responded with a status of 403 () @ https://running-in-war.vercel.app/api/alerts:0
[ 2471376ms] [ERROR] Failed to load resource: the server responded with a status of 403 () @ https://running-in-war.vercel.app/api/alerts:0
[ 2476369ms] [ERROR] Failed to load resource: the server responded with a status of 403 () @ https://running-in-war.vercel.app/api/alerts:0
[ 2481386ms] [ERROR] Failed to load resource: the server responded with a status of 403 () @ https://running-in-war.vercel.app/api/alerts:0
[ 2486371ms] [ERROR] Failed to load resource: the server responded with a status of 403 () @ https://running-in-war.vercel.app/api/alerts:0
[ 2491371ms] [ERROR] Failed to load resource: the server responded with a status of 403 () @ https://running-in-war.vercel.app/api/alerts:0
[ 2496376ms] [ERROR] Failed to load resource: the server responded with a status of 403 () @ https://running-in-war.vercel.app/api/alerts:0
[ 2501451ms] [ERROR] Failed to load resource: the server responded with a status of 403 () @ https://running-in-war.vercel.app/api/alerts:0
[ 2506372ms] [ERROR] Failed to load resource: the server responded with a status of 403 () @ https://running-in-war.vercel.app/api/alerts:0
[ 2511774ms] [ERROR] Failed to load resource: the server responded with a status of 403 () @ https://running-in-war.vercel.app/api/alerts:0
