[     125ms] [ERROR] Failed to load resource: the server responded with a status of 404 () @ https://running-in-war.vercel.app/icons/icon-192.png:0
[     126ms] [WARNING] Error while trying to use the following icon from the Manifest: https://running-in-war.vercel.app/icons/icon-192.png (Download error or resource isn't a valid image) @ https://running-in-war.vercel.app/map:0
[     639ms] [ERROR] Failed to load resource: the server responded with a status of 404 () @ https://running-in-war.vercel.app/oref/WarningMessages/alert/alerts.json:0
[    5637ms] [ERROR] Failed to load resource: the server responded with a status of 404 () @ https://running-in-war.vercel.app/oref/WarningMessages/alert/alerts.json:0
[   10639ms] [ERROR] Failed to load resource: the server responded with a status of 404 () @ https://running-in-war.vercel.app/oref/WarningMessages/alert/alerts.json:0
[   15647ms] [ERROR] Failed to load resource: the server responded with a status of 404 () @ https://running-in-war.vercel.app/oref/WarningMessages/alert/alerts.json:0
[   20645ms] [ERROR] Failed to load resource: the server responded with a status of 404 () @ https://running-in-war.vercel.app/oref/WarningMessages/alert/alerts.json:0
[   25643ms] [ERROR] Failed to load resource: the server responded with a status of 404 () @ https://running-in-war.vercel.app/oref/WarningMessages/alert/alerts.json:0
[   30651ms] [ERROR] Failed to load resource: the server responded with a status of 404 () @ https://running-in-war.vercel.app/oref/WarningMessages/alert/alerts.json:0
[   35639ms] [ERROR] Failed to load resource: the server responded with a status of 404 () @ https://running-in-war.vercel.app/oref/WarningMessages/alert/alerts.json:0
[   40639ms] [ERROR] Failed to load resource: the server responded with a status of 404 () @ https://running-in-war.vercel.app/oref/WarningMessages/alert/alerts.json:0
[   45650ms] [ERROR] Failed to load resource: the server responded with a status of 404 () @ https://running-in-war.vercel.app/oref/WarningMessages/alert/alerts.json:0
[   50641ms] [ERROR] Failed to load resource: the server responded with a status of 404 () @ https://running-in-war.vercel.app/oref/WarningMessages/alert/alerts.json:0
[   55643ms] [ERROR] Failed to load resource: the server responded with a status of 404 () @ https://running-in-war.vercel.app/oref/WarningMessages/alert/alerts.json:0
[   60643ms] [ERROR] Failed to load resource: the server responded with a status of 404 () @ https://running-in-war.vercel.app/oref/WarningMessages/alert/alerts.json:0
[   65635ms] [ERROR] Failed to load resource: the server responded with a status of 404 () @ https://running-in-war.vercel.app/oref/WarningMessages/alert/alerts.json:0
[   70643ms] [ERROR] Failed to load resource: the server responded with a status of 404 () @ https://running-in-war.vercel.app/oref/WarningMessages/alert/alerts.json:0
[   75641ms] [ERROR] Failed to load resource: the server responded with a status of 404 () @ https://running-in-war.vercel.app/oref/WarningMessages/alert/alerts.json:0
[   80641ms] [ERROR] Failed to load resource: the server responded with a status of 404 () @ https://running-in-war.vercel.app/oref/WarningMessages/alert/alerts.json:0
[   85652ms] [ERROR] Failed to load resource: the server responded with a status of 404 () @ https://running-in-war.vercel.app/oref/WarningMessages/alert/alerts.json:0
[   90653ms] [ERROR] Failed to load resource: the server responded with a status of 404 () @ https://running-in-war.vercel.app/oref/WarningMessages/alert/alerts.json:0
[   95635ms] [ERROR] Failed to load resource: the server responded with a status of 404 () @ https://running-in-war.vercel.app/oref/WarningMessages/alert/alerts.json:0
[  100642ms] [ERROR] Failed to load resource: the server responded with a status of 404 () @ https://running-in-war.vercel.app/oref/WarningMessages/alert/alerts.json:0
[  105635ms] [ERROR] Failed to load resource: the server responded with a status of 404 () @ https://running-in-war.vercel.app/oref/WarningMessages/alert/alerts.json:0
[  110634ms] [ERROR] Failed to load resource: the server responded with a status of 404 () @ https://running-in-war.vercel.app/oref/WarningMessages/alert/alerts.json:0
[  115642ms] [ERROR] Failed to load resource: the server responded with a status of 404 () @ https://running-in-war.vercel.app/oref/WarningMessages/alert/alerts.json:0
[  120645ms] [ERROR] Failed to load resource: the server responded with a status of 404 () @ https://running-in-war.vercel.app/oref/WarningMessages/alert/alerts.json:0
[  125638ms] [ERROR] Failed to load resource: the server responded with a status of 404 () @ https://running-in-war.vercel.app/oref/WarningMessages/alert/alerts.json:0
[  130642ms] [ERROR] Failed to load resource: the server responded with a status of 404 () @ https://running-in-war.vercel.app/oref/WarningMessages/alert/alerts.json:0
[  135643ms] [ERROR] Failed to load resource: the server responded with a status of 404 () @ https://running-in-war.vercel.app/oref/WarningMessages/alert/alerts.json:0
[  140640ms] [ERROR] Failed to load resource: the server responded with a status of 404 () @ https://running-in-war.vercel.app/oref/WarningMessages/alert/alerts.json:0
[  145648ms] [ERROR] Failed to load resource: the server responded with a status of 404 () @ https://running-in-war.vercel.app/oref/WarningMessages/alert/alerts.json:0
[  150640ms] [ERROR] Failed to load resource: the server responded with a status of 404 () @ https://running-in-war.vercel.app/oref/WarningMessages/alert/alerts.json:0
[  155647ms] [ERROR] Failed to load resource: the server responded with a status of 404 () @ https://running-in-war.vercel.app/oref/WarningMessages/alert/alerts.json:0
[  160638ms] [ERROR] Failed to load resource: the server responded with a status of 404 () @ https://running-in-war.vercel.app/oref/WarningMessages/alert/alerts.json:0
[  165651ms] [ERROR] Failed to load resource: the server responded with a status of 404 () @ https://running-in-war.vercel.app/oref/WarningMessages/alert/alerts.json:0
[  170646ms] [ERROR] Failed to load resource: the server responded with a status of 404 () @ https://running-in-war.vercel.app/oref/WarningMessages/alert/alerts.json:0
[  175641ms] [ERROR] Failed to load resource: the server responded with a status of 404 () @ https://running-in-war.vercel.app/oref/WarningMessages/alert/alerts.json:0
[  180640ms] [ERROR] Failed to load resource: the server responded with a status of 404 () @ https://running-in-war.vercel.app/oref/WarningMessages/alert/alerts.json:0
[  185643ms] [ERROR] Failed to load resource: the server responded with a status of 404 () @ https://running-in-war.vercel.app/oref/WarningMessages/alert/alerts.json:0
[  190656ms] [ERROR] Failed to load resource: the server responded with a status of 404 () @ https://running-in-war.vercel.app/oref/WarningMessages/alert/alerts.json:0
[  195641ms] [ERROR] Failed to load resource: the server responded with a status of 404 () @ https://running-in-war.vercel.app/oref/WarningMessages/alert/alerts.json:0
[  200643ms] [ERROR] Failed to load resource: the server responded with a status of 404 () @ https://running-in-war.vercel.app/oref/WarningMessages/alert/alerts.json:0
[  205648ms] [ERROR] Failed to load resource: the server responded with a status of 404 () @ https://running-in-war.vercel.app/oref/WarningMessages/alert/alerts.json:0
[  210642ms] [ERROR] Failed to load resource: the server responded with a status of 404 () @ https://running-in-war.vercel.app/oref/WarningMessages/alert/alerts.json:0
[  215644ms] [ERROR] Failed to load resource: the server responded with a status of 404 () @ https://running-in-war.vercel.app/oref/WarningMessages/alert/alerts.json:0
[  220642ms] [ERROR] Failed to load resource: the server responded with a status of 404 () @ https://running-in-war.vercel.app/oref/WarningMessages/alert/alerts.json:0
[  225634ms] [ERROR] Failed to load resource: the server responded with a status of 404 () @ https://running-in-war.vercel.app/oref/WarningMessages/alert/alerts.json:0
[  230644ms] [ERROR] Failed to load resource: the server responded with a status of 404 () @ https://running-in-war.vercel.app/oref/WarningMessages/alert/alerts.json:0
[  235644ms] [ERROR] Failed to load resource: the server responded with a status of 404 () @ https://running-in-war.vercel.app/oref/WarningMessages/alert/alerts.json:0
[  240633ms] [ERROR] Failed to load resource: the server responded with a status of 404 () @ https://running-in-war.vercel.app/oref/WarningMessages/alert/alerts.json:0
[  245635ms] [ERROR] Failed to load resource: the server responded with a status of 404 () @ https://running-in-war.vercel.app/oref/WarningMessages/alert/alerts.json:0
[  250637ms] [ERROR] Failed to load resource: the server responded with a status of 404 () @ https://running-in-war.vercel.app/oref/WarningMessages/alert/alerts.json:0
[  255637ms] [ERROR] Failed to load resource: the server responded with a status of 404 () @ https://running-in-war.vercel.app/oref/WarningMessages/alert/alerts.json:0
