[     285ms] [VERBOSE] [DOM] Input elements should have autocomplete attributes (suggested: "current-password"): (More info: https://goo.gl/9p2vKq) %o @ https://running-in-war.vercel.app/auth:0
[     305ms] [ERROR] Failed to load resource: the server responded with a status of 404 () @ https://running-in-war.vercel.app/icons/icon-192.png:0
[     371ms] [ERROR] Failed to load resource: the server responded with a status of 404 () @ https://running-in-war.vercel.app/icons/icon-192.png:0
[     371ms] [WARNING] Error while trying to use the following icon from the Manifest: https://running-in-war.vercel.app/icons/icon-192.png (Download error or resource isn't a valid image) @ https://running-in-war.vercel.app/auth:0
[     434ms] [ERROR] Failed to load resource: the server responded with a status of 404 () @ https://running-in-war.vercel.app/icons/icon-192.png:0
[   21264ms] [WARNING] Geolocation permission has been blocked as the user has ignored the permission prompt several times. This can be reset in Page Info which can be accessed by clicking the tune icon next to the URL. See https://www.chromestatus.com/feature/6443143280984064 for more information. @ https://running-in-war.vercel.app/:0
[   21456ms] [ERROR] Failed to load resource: the server responded with a status of 403 () @ https://running-in-war.vercel.app/api/alerts:0
[   26470ms] [ERROR] Failed to load resource: the server responded with a status of 403 () @ https://running-in-war.vercel.app/api/alerts:0
[   31471ms] [ERROR] Failed to load resource: the server responded with a status of 403 () @ https://running-in-war.vercel.app/api/alerts:0
[   36470ms] [ERROR] Failed to load resource: the server responded with a status of 403 () @ https://running-in-war.vercel.app/api/alerts:0
[   41470ms] [ERROR] Failed to load resource: the server responded with a status of 403 () @ https://running-in-war.vercel.app/api/alerts:0
[   46663ms] [ERROR] Failed to load resource: the server responded with a status of 403 () @ https://running-in-war.vercel.app/api/alerts:0
[   51492ms] [ERROR] Failed to load resource: the server responded with a status of 403 () @ https://running-in-war.vercel.app/api/alerts:0
[   53089ms] [WARNING] Geolocation permission has been blocked as the user has ignored the permission prompt several times. This can be reset in Page Info which can be accessed by clicking the tune icon next to the URL. See https://www.chromestatus.com/feature/6443143280984064 for more information. @ https://running-in-war.vercel.app/map:0
[   53262ms] [ERROR] Failed to load resource: the server responded with a status of 403 () @ https://running-in-war.vercel.app/api/alerts:0
[   58303ms] [ERROR] Failed to load resource: the server responded with a status of 403 () @ https://running-in-war.vercel.app/api/alerts:0
[   63292ms] [ERROR] Failed to load resource: the server responded with a status of 403 () @ https://running-in-war.vercel.app/api/alerts:0
[   68294ms] [ERROR] Failed to load resource: the server responded with a status of 403 () @ https://running-in-war.vercel.app/api/alerts:0
[   73291ms] [ERROR] Failed to load resource: the server responded with a status of 403 () @ https://running-in-war.vercel.app/api/alerts:0
[   78288ms] [ERROR] Failed to load resource: the server responded with a status of 403 () @ https://running-in-war.vercel.app/api/alerts:0
[   83295ms] [ERROR] Failed to load resource: the server responded with a status of 403 () @ https://running-in-war.vercel.app/api/alerts:0
