[     107ms] [ERROR] Failed to load resource: the server responded with a status of 404 () @ https://running-in-war.vercel.app/icons/icon-192.png:0
[     107ms] [WARNING] Error while trying to use the following icon from the Manifest: https://running-in-war.vercel.app/icons/icon-192.png (Download error or resource isn't a valid image) @ https://running-in-war.vercel.app/map:0
[     359ms] [WARNING] Geolocation permission has been blocked as the user has ignored the permission prompt several times. This can be reset in Page Info which can be accessed by clicking the tune icon next to the URL. See https://www.chromestatus.com/feature/6443143280984064 for more information. @ https://running-in-war.vercel.app/map:0
[     538ms] [ERROR] Failed to load resource: the server responded with a status of 403 () @ https://running-in-war.vercel.app/api/alerts:0
[     983ms] [ERROR] Failed to load resource: the server responded with a status of 403 () @ https://firestore.googleapis.com/v1/projects/running-in-war/databases/(default)/documents:runAggregationQuery:0
[     984ms] [WARNING] [2026-05-23T18:10:38.655Z]  @firebase/firestore: Firestore (10.14.1): RestConnection RPC 'RunAggregationQuery' 0x7bb50d0b failed with error:  {"code":"permission-denied","name":"FirebaseError"} url:  https://firestore.googleapis.com/v1/projects/running-in-war/databases/(default)/documents:runAggregationQuery request: {"structuredAggregationQuery":{"aggregations":[{"alias":"aggregate_0","count":{}}],"structuredQuery":{"from":[{"collectionId":"city_shelters"}],"where":{"fieldFilter":{"field":{"fieldPath":"city"},"op":"EQUAL","value":{"stringValue":"kiryat_motzkin"}}}}}} @ https://running-in-war.vercel.app/assets/index-BgDLAl-C.js:273
[     985ms] [ERROR] Failed to load resource: the server responded with a status of 403 () @ https://firestore.googleapis.com/v1/projects/running-in-war/databases/(default)/documents:runAggregationQuery:0
[     985ms] [WARNING] [2026-05-23T18:10:38.655Z]  @firebase/firestore: Firestore (10.14.1): RestConnection RPC 'RunAggregationQuery' 0x7bb50d07 failed with error:  {"code":"permission-denied","name":"FirebaseError"} url:  https://firestore.googleapis.com/v1/projects/running-in-war/databases/(default)/documents:runAggregationQuery request: {"structuredAggregationQuery":{"aggregations":[{"alias":"aggregate_0","count":{}}],"structuredQuery":{"from":[{"collectionId":"city_shelters"}],"where":{"fieldFilter":{"field":{"fieldPath":"city"},"op":"EQUAL","value":{"stringValue":"kiryat_bialik"}}}}}} @ https://running-in-war.vercel.app/assets/index-BgDLAl-C.js:273
[     988ms] [ERROR] Failed to load resource: the server responded with a status of 403 () @ https://firestore.googleapis.com/v1/projects/running-in-war/databases/(default)/documents:runAggregationQuery:0
[     988ms] [WARNING] [2026-05-23T18:10:38.659Z]  @firebase/firestore: Firestore (10.14.1): RestConnection RPC 'RunAggregationQuery' 0x7bb50d09 failed with error:  {"code":"permission-denied","name":"FirebaseError"} url:  https://firestore.googleapis.com/v1/projects/running-in-war/databases/(default)/documents:runAggregationQuery request: {"structuredAggregationQuery":{"aggregations":[{"alias":"aggregate_0","count":{}}],"structuredQuery":{"from":[{"collectionId":"city_shelters"}],"where":{"fieldFilter":{"field":{"fieldPath":"city"},"op":"EQUAL","value":{"stringValue":"kiryat_yam"}}}}}} @ https://running-in-war.vercel.app/assets/index-BgDLAl-C.js:273
[    1009ms] [ERROR] Failed to load resource: the server responded with a status of 403 () @ https://firestore.googleapis.com/v1/projects/running-in-war/databases/(default)/documents:runAggregationQuery:0
[    1009ms] [WARNING] [2026-05-23T18:10:38.680Z]  @firebase/firestore: Firestore (10.14.1): RestConnection RPC 'RunAggregationQuery' 0x7bb50d0f failed with error:  {"code":"permission-denied","name":"FirebaseError"} url:  https://firestore.googleapis.com/v1/projects/running-in-war/databases/(default)/documents:runAggregationQuery request: {"structuredAggregationQuery":{"aggregations":[{"alias":"aggregate_0","count":{}}],"structuredQuery":{"from":[{"collectionId":"city_shelters"}],"where":{"fieldFilter":{"field":{"fieldPath":"city"},"op":"EQUAL","value":{"stringValue":"kiryat_ata"}}}}}} @ https://running-in-war.vercel.app/assets/index-BgDLAl-C.js:273
[    1095ms] [ERROR] Failed to load resource: the server responded with a status of 403 () @ https://firestore.googleapis.com/v1/projects/running-in-war/databases/(default)/documents:runAggregationQuery:0
[    1095ms] [WARNING] [2026-05-23T18:10:38.766Z]  @firebase/firestore: Firestore (10.14.1): RestConnection RPC 'RunAggregationQuery' 0x7bb50d0d failed with error:  {"code":"permission-denied","name":"FirebaseError"} url:  https://firestore.googleapis.com/v1/projects/running-in-war/databases/(default)/documents:runAggregationQuery request: {"structuredAggregationQuery":{"aggregations":[{"alias":"aggregate_0","count":{}}],"structuredQuery":{"from":[{"collectionId":"city_shelters"}],"where":{"fieldFilter":{"field":{"fieldPath":"city"},"op":"EQUAL","value":{"stringValue":"kiryat_haim"}}}}}} @ https://running-in-war.vercel.app/assets/index-BgDLAl-C.js:273
[    5559ms] [ERROR] Failed to load resource: the server responded with a status of 403 () @ https://running-in-war.vercel.app/api/alerts:0
[   10552ms] [ERROR] Failed to load resource: the server responded with a status of 403 () @ https://running-in-war.vercel.app/api/alerts:0
[   15588ms] [ERROR] Failed to load resource: the server responded with a status of 403 () @ https://running-in-war.vercel.app/api/alerts:0
[   20575ms] [ERROR] Failed to load resource: the server responded with a status of 403 () @ https://running-in-war.vercel.app/api/alerts:0
[   25572ms] [ERROR] Failed to load resource: the server responded with a status of 403 () @ https://running-in-war.vercel.app/api/alerts:0
[   30549ms] [ERROR] Failed to load resource: the server responded with a status of 403 () @ https://running-in-war.vercel.app/api/alerts:0
[   35559ms] [ERROR] Failed to load resource: the server responded with a status of 403 () @ https://running-in-war.vercel.app/api/alerts:0
[   40560ms] [ERROR] Failed to load resource: the server responded with a status of 403 () @ https://running-in-war.vercel.app/api/alerts:0
[   45577ms] [ERROR] Failed to load resource: the server responded with a status of 403 () @ https://running-in-war.vercel.app/api/alerts:0
[   50573ms] [ERROR] Failed to load resource: the server responded with a status of 403 () @ https://running-in-war.vercel.app/api/alerts:0
[   55571ms] [ERROR] Failed to load resource: the server responded with a status of 403 () @ https://running-in-war.vercel.app/api/alerts:0
[   60566ms] [ERROR] Failed to load resource: the server responded with a status of 403 () @ https://running-in-war.vercel.app/api/alerts:0
[   65573ms] [ERROR] Failed to load resource: the server responded with a status of 403 () @ https://running-in-war.vercel.app/api/alerts:0
[   70581ms] [ERROR] Failed to load resource: the server responded with a status of 403 () @ https://running-in-war.vercel.app/api/alerts:0
[   75573ms] [ERROR] Failed to load resource: the server responded with a status of 403 () @ https://running-in-war.vercel.app/api/alerts:0
[   80581ms] [ERROR] Failed to load resource: the server responded with a status of 403 () @ https://running-in-war.vercel.app/api/alerts:0
[   85562ms] [ERROR] Failed to load resource: the server responded with a status of 403 () @ https://running-in-war.vercel.app/api/alerts:0
[   90551ms] [ERROR] Failed to load resource: the server responded with a status of 403 () @ https://running-in-war.vercel.app/api/alerts:0
[   95564ms] [ERROR] Failed to load resource: the server responded with a status of 403 () @ https://running-in-war.vercel.app/api/alerts:0
[  100562ms] [ERROR] Failed to load resource: the server responded with a status of 403 () @ https://running-in-war.vercel.app/api/alerts:0
[  105575ms] [ERROR] Failed to load resource: the server responded with a status of 403 () @ https://running-in-war.vercel.app/api/alerts:0
[  110571ms] [ERROR] Failed to load resource: the server responded with a status of 403 () @ https://running-in-war.vercel.app/api/alerts:0
[  115580ms] [ERROR] Failed to load resource: the server responded with a status of 403 () @ https://running-in-war.vercel.app/api/alerts:0
[  120572ms] [ERROR] Failed to load resource: the server responded with a status of 403 () @ https://running-in-war.vercel.app/api/alerts:0
[  125571ms] [ERROR] Failed to load resource: the server responded with a status of 403 () @ https://running-in-war.vercel.app/api/alerts:0
[  130565ms] [ERROR] Failed to load resource: the server responded with a status of 403 () @ https://running-in-war.vercel.app/api/alerts:0
[  135568ms] [ERROR] Failed to load resource: the server responded with a status of 403 () @ https://running-in-war.vercel.app/api/alerts:0
[  140564ms] [ERROR] Failed to load resource: the server responded with a status of 403 () @ https://running-in-war.vercel.app/api/alerts:0
[  145571ms] [ERROR] Failed to load resource: the server responded with a status of 403 () @ https://running-in-war.vercel.app/api/alerts:0
[  150555ms] [ERROR] Failed to load resource: the server responded with a status of 403 () @ https://running-in-war.vercel.app/api/alerts:0
[  155570ms] [ERROR] Failed to load resource: the server responded with a status of 403 () @ https://running-in-war.vercel.app/api/alerts:0
[  160570ms] [ERROR] Failed to load resource: the server responded with a status of 403 () @ https://running-in-war.vercel.app/api/alerts:0
[  165567ms] [ERROR] Failed to load resource: the server responded with a status of 403 () @ https://running-in-war.vercel.app/api/alerts:0
[  170583ms] [ERROR] Failed to load resource: the server responded with a status of 403 () @ https://running-in-war.vercel.app/api/alerts:0
[  175588ms] [ERROR] Failed to load resource: the server responded with a status of 403 () @ https://running-in-war.vercel.app/api/alerts:0
[  180565ms] [ERROR] Failed to load resource: the server responded with a status of 403 () @ https://running-in-war.vercel.app/api/alerts:0
[  185565ms] [ERROR] Failed to load resource: the server responded with a status of 403 () @ https://running-in-war.vercel.app/api/alerts:0
[  190575ms] [ERROR] Failed to load resource: the server responded with a status of 403 () @ https://running-in-war.vercel.app/api/alerts:0
[  195558ms] [ERROR] Failed to load resource: the server responded with a status of 403 () @ https://running-in-war.vercel.app/api/alerts:0
[  200565ms] [ERROR] Failed to load resource: the server responded with a status of 403 () @ https://running-in-war.vercel.app/api/alerts:0
[  205585ms] [ERROR] Failed to load resource: the server responded with a status of 403 () @ https://running-in-war.vercel.app/api/alerts:0
[  210565ms] [ERROR] Failed to load resource: the server responded with a status of 403 () @ https://running-in-war.vercel.app/api/alerts:0
[  215561ms] [ERROR] Failed to load resource: the server responded with a status of 403 () @ https://running-in-war.vercel.app/api/alerts:0
[  220569ms] [ERROR] Failed to load resource: the server responded with a status of 403 () @ https://running-in-war.vercel.app/api/alerts:0
[  225568ms] [ERROR] Failed to load resource: the server responded with a status of 403 () @ https://running-in-war.vercel.app/api/alerts:0
[  230563ms] [ERROR] Failed to load resource: the server responded with a status of 403 () @ https://running-in-war.vercel.app/api/alerts:0
[  235572ms] [ERROR] Failed to load resource: the server responded with a status of 403 () @ https://running-in-war.vercel.app/api/alerts:0
[  240580ms] [ERROR] Failed to load resource: the server responded with a status of 403 () @ https://running-in-war.vercel.app/api/alerts:0
[  245577ms] [ERROR] Failed to load resource: the server responded with a status of 403 () @ https://running-in-war.vercel.app/api/alerts:0
[  250564ms] [ERROR] Failed to load resource: the server responded with a status of 403 () @ https://running-in-war.vercel.app/api/alerts:0
[  255571ms] [ERROR] Failed to load resource: the server responded with a status of 403 () @ https://running-in-war.vercel.app/api/alerts:0
[  260635ms] [ERROR] Failed to load resource: the server responded with a status of 403 () @ https://running-in-war.vercel.app/api/alerts:0
[  265573ms] [ERROR] Failed to load resource: the server responded with a status of 403 () @ https://running-in-war.vercel.app/api/alerts:0
[  270572ms] [ERROR] Failed to load resource: the server responded with a status of 403 () @ https://running-in-war.vercel.app/api/alerts:0
[  275570ms] [ERROR] Failed to load resource: the server responded with a status of 403 () @ https://running-in-war.vercel.app/api/alerts:0
[  280578ms] [ERROR] Failed to load resource: the server responded with a status of 403 () @ https://running-in-war.vercel.app/api/alerts:0
[  285564ms] [ERROR] Failed to load resource: the server responded with a status of 403 () @ https://running-in-war.vercel.app/api/alerts:0
[  290567ms] [ERROR] Failed to load resource: the server responded with a status of 403 () @ https://running-in-war.vercel.app/api/alerts:0
[  295613ms] [ERROR] Failed to load resource: the server responded with a status of 403 () @ https://running-in-war.vercel.app/api/alerts:0
[  300572ms] [ERROR] Failed to load resource: the server responded with a status of 403 () @ https://running-in-war.vercel.app/api/alerts:0
[  305588ms] [ERROR] Failed to load resource: the server responded with a status of 403 () @ https://running-in-war.vercel.app/api/alerts:0
[  310573ms] [ERROR] Failed to load resource: the server responded with a status of 403 () @ https://running-in-war.vercel.app/api/alerts:0
[  315585ms] [ERROR] Failed to load resource: the server responded with a status of 403 () @ https://running-in-war.vercel.app/api/alerts:0
[  320570ms] [ERROR] Failed to load resource: the server responded with a status of 403 () @ https://running-in-war.vercel.app/api/alerts:0
[  325577ms] [ERROR] Failed to load resource: the server responded with a status of 403 () @ https://running-in-war.vercel.app/api/alerts:0
[  330567ms] [ERROR] Failed to load resource: the server responded with a status of 403 () @ https://running-in-war.vercel.app/api/alerts:0
[  335570ms] [ERROR] Failed to load resource: the server responded with a status of 403 () @ https://running-in-war.vercel.app/api/alerts:0
[  340577ms] [ERROR] Failed to load resource: the server responded with a status of 403 () @ https://running-in-war.vercel.app/api/alerts:0
[  345573ms] [ERROR] Failed to load resource: the server responded with a status of 403 () @ https://running-in-war.vercel.app/api/alerts:0
[  350576ms] [ERROR] Failed to load resource: the server responded with a status of 403 () @ https://running-in-war.vercel.app/api/alerts:0
[  355554ms] [ERROR] Failed to load resource: the server responded with a status of 403 () @ https://running-in-war.vercel.app/api/alerts:0
[  360559ms] [ERROR] Failed to load resource: the server responded with a status of 403 () @ https://running-in-war.vercel.app/api/alerts:0
[  365577ms] [ERROR] Failed to load resource: the server responded with a status of 403 () @ https://running-in-war.vercel.app/api/alerts:0
[  370576ms] [ERROR] Failed to load resource: the server responded with a status of 403 () @ https://running-in-war.vercel.app/api/alerts:0
[  375567ms] [ERROR] Failed to load resource: the server responded with a status of 403 () @ https://running-in-war.vercel.app/api/alerts:0
[  380565ms] [ERROR] Failed to load resource: the server responded with a status of 403 () @ https://running-in-war.vercel.app/api/alerts:0
[  385574ms] [ERROR] Failed to load resource: the server responded with a status of 403 () @ https://running-in-war.vercel.app/api/alerts:0
[  390544ms] [ERROR] Failed to load resource: the server responded with a status of 403 () @ https://running-in-war.vercel.app/api/alerts:0
[  395561ms] [ERROR] Failed to load resource: the server responded with a status of 403 () @ https://running-in-war.vercel.app/api/alerts:0
[  400566ms] [ERROR] Failed to load resource: the server responded with a status of 403 () @ https://running-in-war.vercel.app/api/alerts:0
[  405572ms] [ERROR] Failed to load resource: the server responded with a status of 403 () @ https://running-in-war.vercel.app/api/alerts:0
[  410574ms] [ERROR] Failed to load resource: the server responded with a status of 403 () @ https://running-in-war.vercel.app/api/alerts:0
[  415577ms] [ERROR] Failed to load resource: the server responded with a status of 403 () @ https://running-in-war.vercel.app/api/alerts:0
[  420565ms] [ERROR] Failed to load resource: the server responded with a status of 403 () @ https://running-in-war.vercel.app/api/alerts:0
[  425568ms] [ERROR] Failed to load resource: the server responded with a status of 403 () @ https://running-in-war.vercel.app/api/alerts:0
[  430570ms] [ERROR] Failed to load resource: the server responded with a status of 403 () @ https://running-in-war.vercel.app/api/alerts:0
[  435568ms] [ERROR] Failed to load resource: the server responded with a status of 403 () @ https://running-in-war.vercel.app/api/alerts:0
[  440559ms] [ERROR] Failed to load resource: the server responded with a status of 403 () @ https://running-in-war.vercel.app/api/alerts:0
[  445558ms] [ERROR] Failed to load resource: the server responded with a status of 403 () @ https://running-in-war.vercel.app/api/alerts:0
[  450555ms] [ERROR] Failed to load resource: the server responded with a status of 403 () @ https://running-in-war.vercel.app/api/alerts:0
[  455566ms] [ERROR] Failed to load resource: the server responded with a status of 403 () @ https://running-in-war.vercel.app/api/alerts:0
[  460563ms] [ERROR] Failed to load resource: the server responded with a status of 403 () @ https://running-in-war.vercel.app/api/alerts:0
[  465586ms] [ERROR] Failed to load resource: the server responded with a status of 403 () @ https://running-in-war.vercel.app/api/alerts:0
[  470574ms] [ERROR] Failed to load resource: the server responded with a status of 403 () @ https://running-in-war.vercel.app/api/alerts:0
[  475587ms] [ERROR] Failed to load resource: the server responded with a status of 403 () @ https://running-in-war.vercel.app/api/alerts:0
[  480573ms] [ERROR] Failed to load resource: the server responded with a status of 403 () @ https://running-in-war.vercel.app/api/alerts:0
[  485566ms] [ERROR] Failed to load resource: the server responded with a status of 403 () @ https://running-in-war.vercel.app/api/alerts:0
[  490669ms] [ERROR] Failed to load resource: the server responded with a status of 403 () @ https://running-in-war.vercel.app/api/alerts:0
[  495583ms] [ERROR] Failed to load resource: the server responded with a status of 403 () @ https://running-in-war.vercel.app/api/alerts:0
[  500590ms] [ERROR] Failed to load resource: the server responded with a status of 403 () @ https://running-in-war.vercel.app/api/alerts:0
[  505574ms] [ERROR] Failed to load resource: the server responded with a status of 403 () @ https://running-in-war.vercel.app/api/alerts:0
[  510548ms] [ERROR] Failed to load resource: the server responded with a status of 403 () @ https://running-in-war.vercel.app/api/alerts:0
[  515565ms] [ERROR] Failed to load resource: the server responded with a status of 403 () @ https://running-in-war.vercel.app/api/alerts:0
[  520602ms] [ERROR] Failed to load resource: the server responded with a status of 403 () @ https://running-in-war.vercel.app/api/alerts:0
[  525585ms] [ERROR] Failed to load resource: the server responded with a status of 403 () @ https://running-in-war.vercel.app/api/alerts:0
[  530568ms] [ERROR] Failed to load resource: the server responded with a status of 403 () @ https://running-in-war.vercel.app/api/alerts:0
[  535612ms] [ERROR] Failed to load resource: the server responded with a status of 403 () @ https://running-in-war.vercel.app/api/alerts:0
[  540572ms] [ERROR] Failed to load resource: the server responded with a status of 403 () @ https://running-in-war.vercel.app/api/alerts:0
[  545562ms] [ERROR] Failed to load resource: the server responded with a status of 403 () @ https://running-in-war.vercel.app/api/alerts:0
[  550584ms] [ERROR] Failed to load resource: the server responded with a status of 403 () @ https://running-in-war.vercel.app/api/alerts:0
[  555563ms] [ERROR] Failed to load resource: the server responded with a status of 403 () @ https://running-in-war.vercel.app/api/alerts:0
[  560615ms] [ERROR] Failed to load resource: the server responded with a status of 403 () @ https://running-in-war.vercel.app/api/alerts:0
[  565573ms] [ERROR] Failed to load resource: the server responded with a status of 403 () @ https://running-in-war.vercel.app/api/alerts:0
[  570547ms] [ERROR] Failed to load resource: the server responded with a status of 403 () @ https://running-in-war.vercel.app/api/alerts:0
[  575565ms] [ERROR] Failed to load resource: the server responded with a status of 403 () @ https://running-in-war.vercel.app/api/alerts:0
[  580564ms] [ERROR] Failed to load resource: the server responded with a status of 403 () @ https://running-in-war.vercel.app/api/alerts:0
[  585580ms] [ERROR] Failed to load resource: the server responded with a status of 403 () @ https://running-in-war.vercel.app/api/alerts:0
[  590589ms] [ERROR] Failed to load resource: the server responded with a status of 403 () @ https://running-in-war.vercel.app/api/alerts:0
[  595574ms] [ERROR] Failed to load resource: the server responded with a status of 403 () @ https://running-in-war.vercel.app/api/alerts:0
[  600554ms] [ERROR] Failed to load resource: the server responded with a status of 403 () @ https://running-in-war.vercel.app/api/alerts:0
[  605572ms] [ERROR] Failed to load resource: the server responded with a status of 403 () @ https://running-in-war.vercel.app/api/alerts:0
[  610571ms] [ERROR] Failed to load resource: the server responded with a status of 403 () @ https://running-in-war.vercel.app/api/alerts:0
[  615823ms] [ERROR] Failed to load resource: the server responded with a status of 403 () @ https://running-in-war.vercel.app/api/alerts:0
[  620585ms] [ERROR] Failed to load resource: the server responded with a status of 403 () @ https://running-in-war.vercel.app/api/alerts:0
[  625599ms] [ERROR] Failed to load resource: the server responded with a status of 403 () @ https://running-in-war.vercel.app/api/alerts:0
[  630544ms] [ERROR] Failed to load resource: the server responded with a status of 403 () @ https://running-in-war.vercel.app/api/alerts:0
[  635641ms] [ERROR] Failed to load resource: the server responded with a status of 403 () @ https://running-in-war.vercel.app/api/alerts:0
[  640559ms] [ERROR] Failed to load resource: the server responded with a status of 403 () @ https://running-in-war.vercel.app/api/alerts:0
[  645569ms] [ERROR] Failed to load resource: the server responded with a status of 403 () @ https://running-in-war.vercel.app/api/alerts:0
[  650563ms] [ERROR] Failed to load resource: the server responded with a status of 403 () @ https://running-in-war.vercel.app/api/alerts:0
[  655576ms] [ERROR] Failed to load resource: the server responded with a status of 403 () @ https://running-in-war.vercel.app/api/alerts:0
[  660578ms] [ERROR] Failed to load resource: the server responded with a status of 403 () @ https://running-in-war.vercel.app/api/alerts:0
[  665596ms] [ERROR] Failed to load resource: the server responded with a status of 403 () @ https://running-in-war.vercel.app/api/alerts:0
[  670575ms] [ERROR] Failed to load resource: the server responded with a status of 403 () @ https://running-in-war.vercel.app/api/alerts:0
[  675564ms] [ERROR] Failed to load resource: the server responded with a status of 403 () @ https://running-in-war.vercel.app/api/alerts:0
[  680566ms] [ERROR] Failed to load resource: the server responded with a status of 403 () @ https://running-in-war.vercel.app/api/alerts:0
[  685575ms] [ERROR] Failed to load resource: the server responded with a status of 403 () @ https://running-in-war.vercel.app/api/alerts:0
[  690566ms] [ERROR] Failed to load resource: the server responded with a status of 403 () @ https://running-in-war.vercel.app/api/alerts:0
[  695574ms] [ERROR] Failed to load resource: the server responded with a status of 403 () @ https://running-in-war.vercel.app/api/alerts:0
[  700567ms] [ERROR] Failed to load resource: the server responded with a status of 403 () @ https://running-in-war.vercel.app/api/alerts:0
[  705590ms] [ERROR] Failed to load resource: the server responded with a status of 403 () @ https://running-in-war.vercel.app/api/alerts:0
[  710567ms] [ERROR] Failed to load resource: the server responded with a status of 403 () @ https://running-in-war.vercel.app/api/alerts:0
[  715580ms] [ERROR] Failed to load resource: the server responded with a status of 403 () @ https://running-in-war.vercel.app/api/alerts:0
[  720567ms] [ERROR] Failed to load resource: the server responded with a status of 403 () @ https://running-in-war.vercel.app/api/alerts:0
[  725596ms] [ERROR] Failed to load resource: the server responded with a status of 403 () @ https://running-in-war.vercel.app/api/alerts:0
[  730577ms] [ERROR] Failed to load resource: the server responded with a status of 403 () @ https://running-in-war.vercel.app/api/alerts:0
[  735569ms] [ERROR] Failed to load resource: the server responded with a status of 403 () @ https://running-in-war.vercel.app/api/alerts:0
[  740575ms] [ERROR] Failed to load resource: the server responded with a status of 403 () @ https://running-in-war.vercel.app/api/alerts:0
[  745571ms] [ERROR] Failed to load resource: the server responded with a status of 403 () @ https://running-in-war.vercel.app/api/alerts:0
[  750557ms] [ERROR] Failed to load resource: the server responded with a status of 403 () @ https://running-in-war.vercel.app/api/alerts:0
[  755559ms] [ERROR] Failed to load resource: the server responded with a status of 403 () @ https://running-in-war.vercel.app/api/alerts:0
[  760563ms] [ERROR] Failed to load resource: the server responded with a status of 403 () @ https://running-in-war.vercel.app/api/alerts:0
[  765572ms] [ERROR] Failed to load resource: the server responded with a status of 403 () @ https://running-in-war.vercel.app/api/alerts:0
[  770566ms] [ERROR] Failed to load resource: the server responded with a status of 403 () @ https://running-in-war.vercel.app/api/alerts:0
[  775538ms] [ERROR] Failed to load resource: the server responded with a status of 403 () @ https://running-in-war.vercel.app/api/alerts:0
[  780546ms] [ERROR] Failed to load resource: the server responded with a status of 403 () @ https://running-in-war.vercel.app/api/alerts:0
[  785540ms] [ERROR] Failed to load resource: the server responded with a status of 403 () @ https://running-in-war.vercel.app/api/alerts:0
[  790556ms] [ERROR] Failed to load resource: the server responded with a status of 403 () @ https://running-in-war.vercel.app/api/alerts:0
[  795537ms] [ERROR] Failed to load resource: the server responded with a status of 403 () @ https://running-in-war.vercel.app/api/alerts:0
[  800540ms] [ERROR] Failed to load resource: the server responded with a status of 403 () @ https://running-in-war.vercel.app/api/alerts:0
[  805550ms] [ERROR] Failed to load resource: the server responded with a status of 403 () @ https://running-in-war.vercel.app/api/alerts:0
[  810548ms] [ERROR] Failed to load resource: the server responded with a status of 403 () @ https://running-in-war.vercel.app/api/alerts:0
[  815541ms] [ERROR] Failed to load resource: the server responded with a status of 403 () @ https://running-in-war.vercel.app/api/alerts:0
[  820541ms] [ERROR] Failed to load resource: the server responded with a status of 403 () @ https://running-in-war.vercel.app/api/alerts:0
[  825546ms] [ERROR] Failed to load resource: the server responded with a status of 403 () @ https://running-in-war.vercel.app/api/alerts:0
[  830540ms] [ERROR] Failed to load resource: the server responded with a status of 403 () @ https://running-in-war.vercel.app/api/alerts:0
[  835598ms] [ERROR] Failed to load resource: the server responded with a status of 403 () @ https://running-in-war.vercel.app/api/alerts:0
[  840558ms] [ERROR] Failed to load resource: the server responded with a status of 403 () @ https://running-in-war.vercel.app/api/alerts:0
[  845578ms] [ERROR] Failed to load resource: the server responded with a status of 403 () @ https://running-in-war.vercel.app/api/alerts:0
[  850563ms] [ERROR] Failed to load resource: the server responded with a status of 403 () @ https://running-in-war.vercel.app/api/alerts:0
[  855601ms] [ERROR] Failed to load resource: the server responded with a status of 403 () @ https://running-in-war.vercel.app/api/alerts:0
[  860562ms] [ERROR] Failed to load resource: the server responded with a status of 403 () @ https://running-in-war.vercel.app/api/alerts:0
[  865580ms] [ERROR] Failed to load resource: the server responded with a status of 403 () @ https://running-in-war.vercel.app/api/alerts:0
[  870542ms] [ERROR] Failed to load resource: the server responded with a status of 403 () @ https://running-in-war.vercel.app/api/alerts:0
[  875565ms] [ERROR] Failed to load resource: the server responded with a status of 403 () @ https://running-in-war.vercel.app/api/alerts:0
[  880572ms] [ERROR] Failed to load resource: the server responded with a status of 403 () @ https://running-in-war.vercel.app/api/alerts:0
[  885570ms] [ERROR] Failed to load resource: the server responded with a status of 403 () @ https://running-in-war.vercel.app/api/alerts:0
[  890577ms] [ERROR] Failed to load resource: the server responded with a status of 403 () @ https://running-in-war.vercel.app/api/alerts:0
[  895566ms] [ERROR] Failed to load resource: the server responded with a status of 403 () @ https://running-in-war.vercel.app/api/alerts:0
[  900559ms] [ERROR] Failed to load resource: the server responded with a status of 403 () @ https://running-in-war.vercel.app/api/alerts:0
[  905564ms] [ERROR] Failed to load resource: the server responded with a status of 403 () @ https://running-in-war.vercel.app/api/alerts:0
[  910571ms] [ERROR] Failed to load resource: the server responded with a status of 403 () @ https://running-in-war.vercel.app/api/alerts:0
[  915564ms] [ERROR] Failed to load resource: the server responded with a status of 403 () @ https://running-in-war.vercel.app/api/alerts:0
[  920574ms] [ERROR] Failed to load resource: the server responded with a status of 403 () @ https://running-in-war.vercel.app/api/alerts:0
[  925569ms] [ERROR] Failed to load resource: the server responded with a status of 403 () @ https://running-in-war.vercel.app/api/alerts:0
[  930543ms] [ERROR] Failed to load resource: the server responded with a status of 403 () @ https://running-in-war.vercel.app/api/alerts:0
[  935574ms] [ERROR] Failed to load resource: the server responded with a status of 403 () @ https://running-in-war.vercel.app/api/alerts:0
[  940569ms] [ERROR] Failed to load resource: the server responded with a status of 403 () @ https://running-in-war.vercel.app/api/alerts:0
[  945565ms] [ERROR] Failed to load resource: the server responded with a status of 403 () @ https://running-in-war.vercel.app/api/alerts:0
[  950579ms] [ERROR] Failed to load resource: the server responded with a status of 403 () @ https://running-in-war.vercel.app/api/alerts:0
[  955567ms] [ERROR] Failed to load resource: the server responded with a status of 403 () @ https://running-in-war.vercel.app/api/alerts:0
[  960574ms] [ERROR] Failed to load resource: the server responded with a status of 403 () @ https://running-in-war.vercel.app/api/alerts:0
[  965550ms] [ERROR] Failed to load resource: the server responded with a status of 403 () @ https://running-in-war.vercel.app/api/alerts:0
[  970570ms] [ERROR] Failed to load resource: the server responded with a status of 403 () @ https://running-in-war.vercel.app/api/alerts:0
[  975571ms] [ERROR] Failed to load resource: the server responded with a status of 403 () @ https://running-in-war.vercel.app/api/alerts:0
[  980593ms] [ERROR] Failed to load resource: the server responded with a status of 403 () @ https://running-in-war.vercel.app/api/alerts:0
[  985568ms] [ERROR] Failed to load resource: the server responded with a status of 403 () @ https://running-in-war.vercel.app/api/alerts:0
[  990560ms] [ERROR] Failed to load resource: the server responded with a status of 403 () @ https://running-in-war.vercel.app/api/alerts:0
[  995579ms] [ERROR] Failed to load resource: the server responded with a status of 403 () @ https://running-in-war.vercel.app/api/alerts:0
[ 1000556ms] [ERROR] Failed to load resource: the server responded with a status of 403 () @ https://running-in-war.vercel.app/api/alerts:0
[ 1005586ms] [ERROR] Failed to load resource: the server responded with a status of 403 () @ https://running-in-war.vercel.app/api/alerts:0
[ 1010577ms] [ERROR] Failed to load resource: the server responded with a status of 403 () @ https://running-in-war.vercel.app/api/alerts:0
[ 1015563ms] [ERROR] Failed to load resource: the server responded with a status of 403 () @ https://running-in-war.vercel.app/api/alerts:0
[ 1020565ms] [ERROR] Failed to load resource: the server responded with a status of 403 () @ https://running-in-war.vercel.app/api/alerts:0
[ 1025555ms] [ERROR] Failed to load resource: the server responded with a status of 403 () @ https://running-in-war.vercel.app/api/alerts:0
[ 1030579ms] [ERROR] Failed to load resource: the server responded with a status of 403 () @ https://running-in-war.vercel.app/api/alerts:0
[ 1035578ms] [ERROR] Failed to load resource: the server responded with a status of 403 () @ https://running-in-war.vercel.app/api/alerts:0
[ 1040551ms] [ERROR] Failed to load resource: the server responded with a status of 403 () @ https://running-in-war.vercel.app/api/alerts:0
[ 1045568ms] [ERROR] Failed to load resource: the server responded with a status of 403 () @ https://running-in-war.vercel.app/api/alerts:0
[ 1050564ms] [ERROR] Failed to load resource: the server responded with a status of 403 () @ https://running-in-war.vercel.app/api/alerts:0
[ 1055607ms] [ERROR] Failed to load resource: the server responded with a status of 403 () @ https://running-in-war.vercel.app/api/alerts:0
[ 1060566ms] [ERROR] Failed to load resource: the server responded with a status of 403 () @ https://running-in-war.vercel.app/api/alerts:0
[ 1065578ms] [ERROR] Failed to load resource: the server responded with a status of 403 () @ https://running-in-war.vercel.app/api/alerts:0
[ 1070561ms] [ERROR] Failed to load resource: the server responded with a status of 403 () @ https://running-in-war.vercel.app/api/alerts:0
[ 1075572ms] [ERROR] Failed to load resource: the server responded with a status of 403 () @ https://running-in-war.vercel.app/api/alerts:0
[ 1080565ms] [ERROR] Failed to load resource: the server responded with a status of 403 () @ https://running-in-war.vercel.app/api/alerts:0
[ 1085563ms] [ERROR] Failed to load resource: the server responded with a status of 403 () @ https://running-in-war.vercel.app/api/alerts:0
[ 1090562ms] [ERROR] Failed to load resource: the server responded with a status of 403 () @ https://running-in-war.vercel.app/api/alerts:0
[ 1095572ms] [ERROR] Failed to load resource: the server responded with a status of 403 () @ https://running-in-war.vercel.app/api/alerts:0
[ 1100570ms] [ERROR] Failed to load resource: the server responded with a status of 403 () @ https://running-in-war.vercel.app/api/alerts:0
[ 1105562ms] [ERROR] Failed to load resource: the server responded with a status of 403 () @ https://running-in-war.vercel.app/api/alerts:0
[ 1110560ms] [ERROR] Failed to load resource: the server responded with a status of 403 () @ https://running-in-war.vercel.app/api/alerts:0
[ 1115589ms] [ERROR] Failed to load resource: the server responded with a status of 403 () @ https://running-in-war.vercel.app/api/alerts:0
[ 1120568ms] [ERROR] Failed to load resource: the server responded with a status of 403 () @ https://running-in-war.vercel.app/api/alerts:0
[ 1125568ms] [ERROR] Failed to load resource: the server responded with a status of 403 () @ https://running-in-war.vercel.app/api/alerts:0
[ 1130556ms] [ERROR] Failed to load resource: the server responded with a status of 403 () @ https://running-in-war.vercel.app/api/alerts:0
[ 1135562ms] [ERROR] Failed to load resource: the server responded with a status of 403 () @ https://running-in-war.vercel.app/api/alerts:0
[ 1140601ms] [ERROR] Failed to load resource: the server responded with a status of 403 () @ https://running-in-war.vercel.app/api/alerts:0
[ 1145563ms] [ERROR] Failed to load resource: the server responded with a status of 403 () @ https://running-in-war.vercel.app/api/alerts:0
[ 1150572ms] [ERROR] Failed to load resource: the server responded with a status of 403 () @ https://running-in-war.vercel.app/api/alerts:0
[ 1155569ms] [ERROR] Failed to load resource: the server responded with a status of 403 () @ https://running-in-war.vercel.app/api/alerts:0
[ 1160565ms] [ERROR] Failed to load resource: the server responded with a status of 403 () @ https://running-in-war.vercel.app/api/alerts:0
[ 1165574ms] [ERROR] Failed to load resource: the server responded with a status of 403 () @ https://running-in-war.vercel.app/api/alerts:0
[ 1170582ms] [ERROR] Failed to load resource: the server responded with a status of 403 () @ https://running-in-war.vercel.app/api/alerts:0
[ 1175565ms] [ERROR] Failed to load resource: the server responded with a status of 403 () @ https://running-in-war.vercel.app/api/alerts:0
[ 1180567ms] [ERROR] Failed to load resource: the server responded with a status of 403 () @ https://running-in-war.vercel.app/api/alerts:0
[ 1185568ms] [ERROR] Failed to load resource: the server responded with a status of 403 () @ https://running-in-war.vercel.app/api/alerts:0
[ 1190581ms] [ERROR] Failed to load resource: the server responded with a status of 403 () @ https://running-in-war.vercel.app/api/alerts:0
[ 1195564ms] [ERROR] Failed to load resource: the server responded with a status of 403 () @ https://running-in-war.vercel.app/api/alerts:0
[ 1200568ms] [ERROR] Failed to load resource: the server responded with a status of 403 () @ https://running-in-war.vercel.app/api/alerts:0
[ 1205569ms] [ERROR] Failed to load resource: the server responded with a status of 403 () @ https://running-in-war.vercel.app/api/alerts:0
[ 1210579ms] [ERROR] Failed to load resource: the server responded with a status of 403 () @ https://running-in-war.vercel.app/api/alerts:0
[ 1215559ms] [ERROR] Failed to load resource: the server responded with a status of 403 () @ https://running-in-war.vercel.app/api/alerts:0
[ 1220569ms] [ERROR] Failed to load resource: the server responded with a status of 403 () @ https://running-in-war.vercel.app/api/alerts:0
[ 1225568ms] [ERROR] Failed to load resource: the server responded with a status of 403 () @ https://running-in-war.vercel.app/api/alerts:0
[ 1230555ms] [ERROR] Failed to load resource: the server responded with a status of 403 () @ https://running-in-war.vercel.app/api/alerts:0
[ 1235595ms] [ERROR] Failed to load resource: the server responded with a status of 403 () @ https://running-in-war.vercel.app/api/alerts:0
[ 1240560ms] [ERROR] Failed to load resource: the server responded with a status of 403 () @ https://running-in-war.vercel.app/api/alerts:0
[ 1245573ms] [ERROR] Failed to load resource: the server responded with a status of 403 () @ https://running-in-war.vercel.app/api/alerts:0
[ 1250566ms] [ERROR] Failed to load resource: the server responded with a status of 403 () @ https://running-in-war.vercel.app/api/alerts:0
[ 1255583ms] [ERROR] Failed to load resource: the server responded with a status of 403 () @ https://running-in-war.vercel.app/api/alerts:0
[ 1260566ms] [ERROR] Failed to load resource: the server responded with a status of 403 () @ https://running-in-war.vercel.app/api/alerts:0
[ 1265579ms] [ERROR] Failed to load resource: the server responded with a status of 403 () @ https://running-in-war.vercel.app/api/alerts:0
[ 1270583ms] [ERROR] Failed to load resource: the server responded with a status of 403 () @ https://running-in-war.vercel.app/api/alerts:0
[ 1275577ms] [ERROR] Failed to load resource: the server responded with a status of 403 () @ https://running-in-war.vercel.app/api/alerts:0
[ 1280558ms] [ERROR] Failed to load resource: the server responded with a status of 403 () @ https://running-in-war.vercel.app/api/alerts:0
[ 1285573ms] [ERROR] Failed to load resource: the server responded with a status of 403 () @ https://running-in-war.vercel.app/api/alerts:0
[ 1290545ms] [ERROR] Failed to load resource: the server responded with a status of 403 () @ https://running-in-war.vercel.app/api/alerts:0
[ 1295569ms] [ERROR] Failed to load resource: the server responded with a status of 403 () @ https://running-in-war.vercel.app/api/alerts:0
[ 1300573ms] [ERROR] Failed to load resource: the server responded with a status of 403 () @ https://running-in-war.vercel.app/api/alerts:0
[ 1305575ms] [ERROR] Failed to load resource: the server responded with a status of 403 () @ https://running-in-war.vercel.app/api/alerts:0
[ 1310569ms] [ERROR] Failed to load resource: the server responded with a status of 403 () @ https://running-in-war.vercel.app/api/alerts:0
[ 1315645ms] [ERROR] Failed to load resource: the server responded with a status of 403 () @ https://running-in-war.vercel.app/api/alerts:0
[ 1320578ms] [ERROR] Failed to load resource: the server responded with a status of 403 () @ https://running-in-war.vercel.app/api/alerts:0
[ 1325576ms] [ERROR] Failed to load resource: the server responded with a status of 403 () @ https://running-in-war.vercel.app/api/alerts:0
[ 1330570ms] [ERROR] Failed to load resource: the server responded with a status of 403 () @ https://running-in-war.vercel.app/api/alerts:0
[ 1335580ms] [ERROR] Failed to load resource: the server responded with a status of 403 () @ https://running-in-war.vercel.app/api/alerts:0
[ 1340567ms] [ERROR] Failed to load resource: the server responded with a status of 403 () @ https://running-in-war.vercel.app/api/alerts:0
[ 1345582ms] [ERROR] Failed to load resource: the server responded with a status of 403 () @ https://running-in-war.vercel.app/api/alerts:0
[ 1350549ms] [ERROR] Failed to load resource: the server responded with a status of 403 () @ https://running-in-war.vercel.app/api/alerts:0
[ 1355576ms] [ERROR] Failed to load resource: the server responded with a status of 403 () @ https://running-in-war.vercel.app/api/alerts:0
[ 1360559ms] [ERROR] Failed to load resource: the server responded with a status of 403 () @ https://running-in-war.vercel.app/api/alerts:0
[ 1365570ms] [ERROR] Failed to load resource: the server responded with a status of 403 () @ https://running-in-war.vercel.app/api/alerts:0
[ 1370566ms] [ERROR] Failed to load resource: the server responded with a status of 403 () @ https://running-in-war.vercel.app/api/alerts:0
[ 1375568ms] [ERROR] Failed to load resource: the server responded with a status of 403 () @ https://running-in-war.vercel.app/api/alerts:0
[ 1380564ms] [ERROR] Failed to load resource: the server responded with a status of 403 () @ https://running-in-war.vercel.app/api/alerts:0
[ 1385566ms] [ERROR] Failed to load resource: the server responded with a status of 403 () @ https://running-in-war.vercel.app/api/alerts:0
[ 1390558ms] [ERROR] Failed to load resource: the server responded with a status of 403 () @ https://running-in-war.vercel.app/api/alerts:0
[ 1395578ms] [ERROR] Failed to load resource: the server responded with a status of 403 () @ https://running-in-war.vercel.app/api/alerts:0
[ 1400548ms] [ERROR] Failed to load resource: the server responded with a status of 403 () @ https://running-in-war.vercel.app/api/alerts:0
[ 1405541ms] [ERROR] Failed to load resource: the server responded with a status of 403 () @ https://running-in-war.vercel.app/api/alerts:0
[ 1410552ms] [ERROR] Failed to load resource: the server responded with a status of 403 () @ https://running-in-war.vercel.app/api/alerts:0
[ 1415563ms] [ERROR] Failed to load resource: the server responded with a status of 403 () @ https://running-in-war.vercel.app/api/alerts:0
[ 1420551ms] [ERROR] Failed to load resource: the server responded with a status of 403 () @ https://running-in-war.vercel.app/api/alerts:0
[ 1425549ms] [ERROR] Failed to load resource: the server responded with a status of 403 () @ https://running-in-war.vercel.app/api/alerts:0
[ 1430546ms] [ERROR] Failed to load resource: the server responded with a status of 403 () @ https://running-in-war.vercel.app/api/alerts:0
[ 1435577ms] [ERROR] Failed to load resource: the server responded with a status of 403 () @ https://running-in-war.vercel.app/api/alerts:0
[ 1440549ms] [ERROR] Failed to load resource: the server responded with a status of 403 () @ https://running-in-war.vercel.app/api/alerts:0
[ 1445570ms] [ERROR] Failed to load resource: the server responded with a status of 403 () @ https://running-in-war.vercel.app/api/alerts:0
[ 1450543ms] [ERROR] Failed to load resource: the server responded with a status of 403 () @ https://running-in-war.vercel.app/api/alerts:0
[ 1455542ms] [ERROR] Failed to load resource: the server responded with a status of 403 () @ https://running-in-war.vercel.app/api/alerts:0
[ 1460549ms] [ERROR] Failed to load resource: the server responded with a status of 403 () @ https://running-in-war.vercel.app/api/alerts:0
[ 1465556ms] [ERROR] Failed to load resource: the server responded with a status of 403 () @ https://running-in-war.vercel.app/api/alerts:0
[ 1470556ms] [ERROR] Failed to load resource: the server responded with a status of 403 () @ https://running-in-war.vercel.app/api/alerts:0
[ 1475542ms] [ERROR] Failed to load resource: the server responded with a status of 403 () @ https://running-in-war.vercel.app/api/alerts:0
[ 1480555ms] [ERROR] Failed to load resource: the server responded with a status of 403 () @ https://running-in-war.vercel.app/api/alerts:0
[ 1485545ms] [ERROR] Failed to load resource: the server responded with a status of 403 () @ https://running-in-war.vercel.app/api/alerts:0
[ 1491119ms] [ERROR] Failed to load resource: the server responded with a status of 403 () @ https://running-in-war.vercel.app/api/alerts:0
