[     291ms] [VERBOSE] [DOM] Input elements should have autocomplete attributes (suggested: "current-password"): (More info: https://goo.gl/9p2vKq) %o @ https://running-in-war.vercel.app/auth:0
[     391ms] [ERROR] Failed to load resource: the server responded with a status of 404 () @ https://running-in-war.vercel.app/icons/icon-192.png:0
[     455ms] [ERROR] Failed to load resource: the server responded with a status of 404 () @ https://running-in-war.vercel.app/icons/icon-192.png:0
[     456ms] [WARNING] Error while trying to use the following icon from the Manifest: https://running-in-war.vercel.app/icons/icon-192.png (Download error or resource isn't a valid image) @ https://running-in-war.vercel.app/auth:0
[     517ms] [ERROR] Failed to load resource: the server responded with a status of 404 () @ https://running-in-war.vercel.app/icons/icon-192.png:0
[  171366ms] [ERROR] Failed to load resource: the server responded with a status of 404 () @ https://running-in-war.vercel.app/assets/map-pin-RptfKcuw.js:0
[  171366ms] [ERROR] Failed to load resource: the server responded with a status of 404 () @ https://running-in-war.vercel.app/assets/useLocation-Bja4qzgu.js:0
[  171368ms] [ERROR] Failed to load resource: the server responded with a status of 404 () @ https://running-in-war.vercel.app/assets/firestore-C2XuVkD0.js:0
[  171370ms] [ERROR] Failed to load resource: the server responded with a status of 404 () @ https://running-in-war.vercel.app/assets/circle-check-DwwaWzcX.js:0
[  171370ms] [ERROR] Failed to load resource: the server responded with a status of 404 () @ https://running-in-war.vercel.app/assets/geo-CuJV3BUt.js:0
[  171371ms] [ERROR] Failed to load resource: the server responded with a status of 404 () @ https://running-in-war.vercel.app/assets/triangle-alert-tOe4iNCk.js:0
[  171371ms] [ERROR] Failed to load resource: the server responded with a status of 404 () @ https://running-in-war.vercel.app/assets/HomePage-DZtN_MVx.js:0
[  171372ms] [ERROR] Failed to load resource: the server responded with a status of 404 () @ https://running-in-war.vercel.app/assets/SOSOverlay-BXodWFbW.js:0
[  171379ms] [ERROR] TypeError: Failed to fetch dynamically imported module: https://running-in-war.vercel.app/assets/HomePage-DZtN_MVx.js @ https://running-in-war.vercel.app/assets/index-BgDLAl-C.js:40
[  171384ms] [ERROR] Failed to load resource: the server responded with a status of 404 () @ https://running-in-war.vercel.app/assets/BottomNav-DtwKwlxK.js:0
[  171384ms] [ERROR] Failed to load resource: the server responded with a status of 404 () @ https://running-in-war.vercel.app/assets/chevron-left-7tupgGzC.js:0
[  171506ms] [ERROR] Failed to load resource: the server responded with a status of 404 () @ https://running-in-war.vercel.app/icons/icon-192.png:0
[  171507ms] [WARNING] Error while trying to use the following icon from the Manifest: https://running-in-war.vercel.app/icons/icon-192.png (Download error or resource isn't a valid image) @ https://running-in-war.vercel.app/:0
[  171927ms] [ERROR] Failed to load resource: the server responded with a status of 403 () @ https://running-in-war.vercel.app/api/alerts:0
[  176914ms] [ERROR] Failed to load resource: the server responded with a status of 403 () @ https://running-in-war.vercel.app/api/alerts:0
